{"numFailedTestSuites":5,"numFailedTests":2,"numPassedTestSuites":1,"numPassedTests":5,"numPendingTestSuites":0,"numPendingTests":0,"numRuntimeErrorTestSuites":3,"numTodoTests":0,"numTotalTestSuites":6,"numTotalTests":7,"openHandles":[],"snapshot":{"added":0,"didUpdate":false,"failure":false,"filesAdded":0,"filesRemoved":0,"filesRemovedList":[],"filesUnmatched":0,"filesUpdated":0,"matched":0,"total":0,"unchecked":0,"uncheckedKeysByFile":[],"unmatched":0,"updated":0},"startTime":1568362588237,"success":false,"testResults":[{"assertionResults":[{"ancestorTitles":[],"failureMessages":[],"fullName":"title is displayed","location":null,"status":"passed","title":"title is displayed"},{"ancestorTitles":[],"failureMessages":[],"fullName":"description is displayed","location":null,"status":"passed","title":"description is displayed"},{"ancestorTitles":[],"failureMessages":[],"fullName":"image is displayed","location":null,"status":"passed","title":"image is displayed"},{"ancestorTitles":[],"failureMessages":[],"fullName":"image has alt text","location":null,"status":"passed","title":"image has alt text"},{"ancestorTitles":[],"failureMessages":[],"fullName":"date is displayed","location":null,"status":"passed","title":"date is displayed"}],"endTime":1568362592634,"message":"","name":"/Users/a.turner/gitlab/zen-base/src/app/features/newsListing/tests/NewsCard.test.js","startTime":1568362590328,"status":"passed","summary":""},{"assertionResults":[{"ancestorTitles":["Server Loads"],"failureMessages":["Error: Cannot find module '../app/redux/sagas' from 'internalServer.js'\n    at Resolver.resolveModule (/Users/a.turner/gitlab/zen-base/node_modules/jest-resolve/build/index.js:259:17)\n    at Resolver._getVirtualMockPath (/Users/a.turner/gitlab/zen-base/node_modules/jest-resolve/build/index.js:390:14)\n    at Resolver._getAbsolutePath (/Users/a.turner/gitlab/zen-base/node_modules/jest-resolve/build/index.js:376:14)\n    at Resolver.getModuleID (/Users/a.turner/gitlab/zen-base/node_modules/jest-resolve/build/index.js:348:31)\n    at Runtime._shouldMock (/Users/a.turner/gitlab/zen-base/node_modules/jest-runtime/build/index.js:942:37)\n    at Runtime.requireModuleOrMock (/Users/a.turner/gitlab/zen-base/node_modules/jest-runtime/build/index.js:595:16)\n    at Object.<anonymous> (/Users/a.turner/gitlab/zen-base/src/server/internalServer.js:16:1)\n    at Runtime._execModule (/Users/a.turner/gitlab/zen-base/node_modules/jest-runtime/build/index.js:867:68)\n    at Runtime._loadModule (/Users/a.turner/gitlab/zen-base/node_modules/jest-runtime/build/index.js:577:12)\n    at Runtime.requireModule (/Users/a.turner/gitlab/zen-base/node_modules/jest-runtime/build/index.js:433:10)"],"fullName":"Server Loads encountered a declaration exception","location":null,"status":"failed","title":"encountered a declaration exception"}],"endTime":1568362592822,"message":"\u001b[1m\u001b[31m  \u001b[1m● \u001b[1mServer Loads › encountered a declaration exception\u001b[39m\u001b[22m\n\n    Cannot find module '../app/redux/sagas' from 'internalServer.js'\n\u001b[2m\u001b[22m\n\u001b[2m    \u001b[0m \u001b[90m 14 | \u001b[39m\u001b[36mimport\u001b[39m \u001b[32m'isomorphic-fetch'\u001b[39m\u001b[33m;\u001b[39m\u001b[0m\u001b[22m\n\u001b[2m    \u001b[0m \u001b[90m 15 | \u001b[39m\u001b[0m\u001b[22m\n\u001b[2m    \u001b[0m\u001b[31m\u001b[1m>\u001b[2m\u001b[39m\u001b[90m 16 | \u001b[39m\u001b[36mimport\u001b[39m rootSaga from \u001b[32m'app/redux/sagas'\u001b[39m\u001b[33m;\u001b[39m\u001b[0m\u001b[22m\n\u001b[2m    \u001b[0m \u001b[90m    | \u001b[39m\u001b[31m\u001b[1m^\u001b[2m\u001b[39m\u001b[0m\u001b[22m\n\u001b[2m    \u001b[0m \u001b[90m 17 | \u001b[39m\u001b[36mimport\u001b[39m httpProxy from \u001b[32m'http-proxy'\u001b[39m\u001b[33m;\u001b[39m\u001b[0m\u001b[22m\n\u001b[2m    \u001b[0m \u001b[90m 18 | \u001b[39m\u001b[36mimport\u001b[39m evilDns from \u001b[32m'evil-dns'\u001b[39m\u001b[33m;\u001b[39m\u001b[0m\u001b[22m\n\u001b[2m    \u001b[0m \u001b[90m 19 | \u001b[39m\u001b[36mconst\u001b[39m templateHTML \u001b[33m=\u001b[39m fs\u001b[33m.\u001b[39mreadFileSync(\u001b[32m'dist/index.html'\u001b[39m\u001b[33m,\u001b[39m \u001b[32m'utf8'\u001b[39m)\u001b[33m;\u001b[39m\u001b[0m\u001b[22m\n\u001b[2m\u001b[22m\n\u001b[2m      \u001b[2mat Resolver.resolveModule (\u001b[2mnode_modules/jest-resolve/build/index.js\u001b[2m:259:17)\u001b[2m\u001b[22m\n\u001b[2m      \u001b[2mat Object.<anonymous> (\u001b[2msrc/server/internalServer.js\u001b[2m:16:1)\u001b[2m\u001b[22m\n","name":"/Users/a.turner/gitlab/zen-base/src/server/test.js","startTime":1568362590325,"status":"failed","summary":""},{"assertionResults":[],"coverage":{},"endTime":1568362594917,"message":"  \u001b[1m● \u001b[22mTest suite failed to run\n\n    Cannot find module '../../util/isNonEmptyArray' from 'util.test.js'\n\n    \u001b[0m \u001b[90m 1 | \u001b[39m\u001b[90m//could use --json and --jsonOutputFile=<filename> to output test results for using in CI\u001b[39m\u001b[0m\n    \u001b[0m\u001b[31m\u001b[1m>\u001b[22m\u001b[39m\u001b[90m 2 | \u001b[39m\u001b[36mimport\u001b[39m isNonEmptyArray from \u001b[32m'app/util/isNonEmptyArray'\u001b[39m\u001b[33m;\u001b[39m\u001b[0m\n    \u001b[0m \u001b[90m   | \u001b[39m\u001b[31m\u001b[1m^\u001b[22m\u001b[39m\u001b[0m\n    \u001b[0m \u001b[90m 3 | \u001b[39m\u001b[36mimport\u001b[39m truncateString from \u001b[32m'app/util/truncateString'\u001b[39m\u001b[33m;\u001b[39m\u001b[0m\n    \u001b[0m \u001b[90m 4 | \u001b[39m\u001b[36mimport\u001b[39m { getHumanReadableDate } from \u001b[32m'app/util/dateHelper'\u001b[39m\u001b[33m;\u001b[39m\u001b[0m\n    \u001b[0m \u001b[90m 5 | \u001b[39mdescribe(\u001b[32m'#isNonEmptyArray'\u001b[39m\u001b[33m,\u001b[39m \u001b[36mfunction\u001b[39m() {\u001b[0m\n\n      \u001b[2mat Resolver.resolveModule (\u001b[22mnode_modules/jest-resolve/build/index.js\u001b[2m:259:17)\u001b[22m\n      \u001b[2mat Object.<anonymous> (\u001b[22m\u001b[0m\u001b[36msrc/app/core/util/util.test.js\u001b[39m\u001b[0m\u001b[2m:2:1)\u001b[22m\n","name":"/Users/a.turner/gitlab/zen-base/src/app/core/util/util.test.js","startTime":1568362594917,"status":"failed","summary":""},{"assertionResults":[],"coverage":{},"endTime":1568362594917,"message":"  \u001b[1m● \u001b[22mTest suite failed to run\n\n    Cannot find module '../Component' from 'FeaturedEventCard.test.js'\n\n    \u001b[0m \u001b[90m 3 | \u001b[39m\u001b[36mimport\u001b[39m \u001b[32m'@testing-library/jest-dom/extend-expect'\u001b[39m\u001b[33m;\u001b[39m\u001b[0m\n    \u001b[0m \u001b[90m 4 | \u001b[39m\u001b[0m\n    \u001b[0m\u001b[31m\u001b[1m>\u001b[22m\u001b[39m\u001b[90m 5 | \u001b[39m\u001b[36mimport\u001b[39m \u001b[33mComponent\u001b[39m from \u001b[32m'../Component'\u001b[39m\u001b[33m;\u001b[39m\u001b[0m\n    \u001b[0m \u001b[90m   | \u001b[39m\u001b[31m\u001b[1m^\u001b[22m\u001b[39m\u001b[0m\n    \u001b[0m \u001b[90m 6 | \u001b[39m\u001b[0m\n    \u001b[0m \u001b[90m 7 | \u001b[39m\u001b[36mconst\u001b[39m props \u001b[33m=\u001b[39m {\u001b[0m\n    \u001b[0m \u001b[90m 8 | \u001b[39m  location\u001b[33m:\u001b[39m \u001b[32m'Location'\u001b[39m\u001b[33m,\u001b[39m\u001b[0m\n\n      \u001b[2mat Resolver.resolveModule (\u001b[22mnode_modules/jest-resolve/build/index.js\u001b[2m:259:17)\u001b[22m\n      \u001b[2mat Object.<anonymous> (\u001b[22m\u001b[0m\u001b[36msrc/app/features/eventListing/tests/FeaturedEventCard.test.js\u001b[39m\u001b[0m\u001b[2m:5:1)\u001b[22m\n","name":"/Users/a.turner/gitlab/zen-base/src/app/features/eventListing/tests/FeaturedEventCard.test.js","startTime":1568362594917,"status":"failed","summary":""},{"assertionResults":[],"coverage":{},"endTime":1568362594917,"message":"  \u001b[1m● \u001b[22mTest suite failed to run\n\n    Cannot find module '../Component' from 'EventCard.test.js'\n\n    \u001b[0m \u001b[90m 3 | \u001b[39m\u001b[36mimport\u001b[39m \u001b[32m'@testing-library/jest-dom/extend-expect'\u001b[39m\u001b[33m;\u001b[39m\u001b[0m\n    \u001b[0m \u001b[90m 4 | \u001b[39m\u001b[0m\n    \u001b[0m\u001b[31m\u001b[1m>\u001b[22m\u001b[39m\u001b[90m 5 | \u001b[39m\u001b[36mimport\u001b[39m \u001b[33mComponent\u001b[39m from \u001b[32m'../Component'\u001b[39m\u001b[33m;\u001b[39m\u001b[0m\n    \u001b[0m \u001b[90m   | \u001b[39m\u001b[31m\u001b[1m^\u001b[22m\u001b[39m\u001b[0m\n    \u001b[0m \u001b[90m 6 | \u001b[39m\u001b[0m\n    \u001b[0m \u001b[90m 7 | \u001b[39m\u001b[36mconst\u001b[39m props \u001b[33m=\u001b[39m {\u001b[0m\n    \u001b[0m \u001b[90m 8 | \u001b[39m  description\u001b[33m:\u001b[39m \u001b[32m'This is a description'\u001b[39m\u001b[33m,\u001b[39m\u001b[0m\n\n      \u001b[2mat Resolver.resolveModule (\u001b[22mnode_modules/jest-resolve/build/index.js\u001b[2m:259:17)\u001b[22m\n      \u001b[2mat Object.<anonymous> (\u001b[22m\u001b[0m\u001b[36msrc/app/features/eventListing/tests/EventCard.test.js\u001b[39m\u001b[0m\u001b[2m:5:1)\u001b[22m\n","name":"/Users/a.turner/gitlab/zen-base/src/app/features/eventListing/tests/EventCard.test.js","startTime":1568362594917,"status":"failed","summary":""},{"assertionResults":[{"ancestorTitles":["Server Loads"],"failureMessages":["ReferenceError: before is not defined\n    at Suite.before (/Users/a.turner/gitlab/zen-base/dist/test.js:5:41153)\n    at addSpecsToSuite (/Users/a.turner/gitlab/zen-base/node_modules/jest-jasmine2/build/jasmine/Env.js:496:51)\n    at Env.describe (/Users/a.turner/gitlab/zen-base/node_modules/jest-jasmine2/build/jasmine/Env.js:466:11)\n    at describe (/Users/a.turner/gitlab/zen-base/node_modules/jest-jasmine2/build/jasmine/jasmineLight.js:81:18)\n    at Object.describe (/Users/a.turner/gitlab/zen-base/dist/test.js:5:41101)\n    at exports (/Users/a.turner/gitlab/zen-base/dist/test.js:1:137)\n    at /Users/a.turner/gitlab/zen-base/dist/test.js:1:1152\n    at Object.exports (/Users/a.turner/gitlab/zen-base/dist/test.js:1:1168)\n    at Runtime._execModule (/Users/a.turner/gitlab/zen-base/node_modules/jest-runtime/build/index.js:867:68)\n    at Runtime._loadModule (/Users/a.turner/gitlab/zen-base/node_modules/jest-runtime/build/index.js:577:12)\n    at Runtime.requireModule (/Users/a.turner/gitlab/zen-base/node_modules/jest-runtime/build/index.js:433:10)\n    at /Users/a.turner/gitlab/zen-base/node_modules/jest-jasmine2/build/index.js:202:13\n    at Generator.next (<anonymous>)\n    at asyncGeneratorStep (/Users/a.turner/gitlab/zen-base/node_modules/jest-jasmine2/build/index.js:27:24)\n    at _next (/Users/a.turner/gitlab/zen-base/node_modules/jest-jasmine2/build/index.js:47:9)\n    at /Users/a.turner/gitlab/zen-base/node_modules/jest-jasmine2/build/index.js:52:7\n    at Promise (<anonymous>)\n    at /Users/a.turner/gitlab/zen-base/node_modules/jest-jasmine2/build/index.js:44:12\n    at _jasmine (/Users/a.turner/gitlab/zen-base/node_modules/jest-jasmine2/build/index.js:207:19)\n    at jasmine2 (/Users/a.turner/gitlab/zen-base/node_modules/jest-jasmine2/build/index.js:60:19)\n    at /Users/a.turner/gitlab/zen-base/node_modules/jest-runner/build/runTest.js:385:24\n    at Generator.next (<anonymous>)\n    at asyncGeneratorStep (/Users/a.turner/gitlab/zen-base/node_modules/jest-runner/build/runTest.js:161:24)\n    at _next (/Users/a.turner/gitlab/zen-base/node_modules/jest-runner/build/runTest.js:181:9)\n    at <anonymous>\n    at process._tickCallback (internal/process/next_tick.js:188:7)"],"fullName":"Server Loads encountered a declaration exception","location":null,"status":"failed","title":"encountered a declaration exception"}],"endTime":1568362594780,"message":"\u001b[1m\u001b[31m  \u001b[1m● \u001b[1mServer Loads › encountered a declaration exception\u001b[39m\u001b[22m\n\n    ReferenceError: before is not defined\n\u001b[2m\u001b[22m\n\u001b[2m    \u001b[0m \u001b[90m 3 | \u001b[39m\u001b[36mvar\u001b[39m t\u001b[33m=\u001b[39mdocument\u001b[33m.\u001b[39mgetElementById(i)\u001b[33m.\u001b[39mgetBoundingClientRect()\u001b[33m.\u001b[39mtop\u001b[33m+\u001b[39mdocument\u001b[33m.\u001b[39mdocumentElement\u001b[33m.\u001b[39mscrollTop\u001b[33m-\u001b[39m\u001b[35m170\u001b[39m\u001b[33m;\u001b[39m\u001b[36mreturn\u001b[39m window\u001b[33m.\u001b[39mscroll({top\u001b[33m:\u001b[39mt\u001b[33m,\u001b[39mbehavior\u001b[33m:\u001b[39m\u001b[32m\"smooth\"\u001b[39m})\u001b[33m,\u001b[39m\u001b[33m!\u001b[39m\u001b[35m1\u001b[39m}(e)}}\u001b[33m,\u001b[39mc\u001b[33m.\u001b[39ma\u001b[33m.\u001b[39mcreateElement(\u001b[32m\"svg\"\u001b[39m\u001b[33m,\u001b[39m{width\u001b[33m:\u001b[39m\u001b[32m\"11.2\"\u001b[39m\u001b[33m,\u001b[39mheight\u001b[33m:\u001b[39m\u001b[32m\"7.3\"\u001b[39m}\u001b[33m,\u001b[39mc\u001b[33m.\u001b[39ma\u001b[33m.\u001b[39mcreateElement(\u001b[32m\"path\"\u001b[39m\u001b[33m,\u001b[39m{fill\u001b[33m:\u001b[39m\u001b[32m\"none\"\u001b[39m\u001b[33m,\u001b[39mstroke\u001b[33m:\u001b[39m\u001b[32m\"#fff\"\u001b[39m\u001b[33m,\u001b[39mstrokeMiterlimit\u001b[33m:\u001b[39m\u001b[32m\"10\"\u001b[39m\u001b[33m,\u001b[39mstrokeWidth\u001b[33m:\u001b[39m\u001b[32m\"2\"\u001b[39m\u001b[33m,\u001b[39md\u001b[33m:\u001b[39m\u001b[32m\"M10.5.9L5.6 5.7.8.9\"\u001b[39m}))))))}\u001b[33m;\u001b[39m\u001b[33mLt\u001b[39m\u001b[33m.\u001b[39mpropTypes\u001b[33m=\u001b[39m{title\u001b[33m:\u001b[39ml\u001b[33m.\u001b[39ma\u001b[33m.\u001b[39mstring\u001b[33m.\u001b[39misRequired\u001b[33m,\u001b[39miconName\u001b[33m:\u001b[39ml\u001b[33m.\u001b[39ma\u001b[33m.\u001b[39moneOf([\u001b[32m\"subject\"\u001b[39m\u001b[33m,\u001b[39m\u001b[32m\"courseCode\"\u001b[39m\u001b[33m,\u001b[39m\u001b[32m\"placement\"\u001b[39m\u001b[33m,\u001b[39m\u001b[32m\"studyMode\"\u001b[39m\u001b[33m,\u001b[39m\u001b[32m\"fees\"\u001b[39m\u001b[33m,\u001b[39m\u001b[32m\"entryCriteria\"\u001b[39m\u001b[33m,\u001b[39m\u001b[32m\"startDate\"\u001b[39m\u001b[33m,\u001b[39m\u001b[32m\"location\"\u001b[39m])\u001b[33m,\u001b[39mexternalIcon\u001b[33m:\u001b[39ml\u001b[33m.\u001b[39ma\u001b[33m.\u001b[39mstring\u001b[33m,\u001b[39madditionalText\u001b[33m:\u001b[39ml\u001b[33m.\u001b[39ma\u001b[33m.\u001b[39mstring\u001b[33m,\u001b[39mclassName\u001b[33m:\u001b[39ml\u001b[33m.\u001b[39ma\u001b[33m.\u001b[39mstring\u001b[33m,\u001b[39mlink\u001b[33m:\u001b[39ml\u001b[33m.\u001b[39ma\u001b[33m.\u001b[39mstring\u001b[33m,\u001b[39mchildren\u001b[33m:\u001b[39ml\u001b[33m.\u001b[39ma\u001b[33m.\u001b[39melement}\u001b[33m;\u001b[39m\u001b[36mvar\u001b[39m \u001b[33mFt\u001b[39m\u001b[33m=\u001b[39m\u001b[33mLt\u001b[39m\u001b[33m,\u001b[39mqt\u001b[33m=\u001b[39mn(\u001b[35m31\u001b[39m)\u001b[33m,\u001b[39m\u001b[33mKt\u001b[39m\u001b[33m=\u001b[39mp()(\u001b[33mFt\u001b[39m)\u001b[33m.\u001b[39mwithConfig({displayName\u001b[33m:\u001b[39m\u001b[32m\"FeatureIconstyled__StyledFeatureIcon\"\u001b[39m\u001b[33m,\u001b[39mcomponentId\u001b[33m:\u001b[39m\u001b[32m\"sc-185d66e-0\"\u001b[39m})([\u001b[32m\"\"\u001b[39m\u001b[33m,\u001b[39m\u001b[32m\";\"\u001b[39m]\u001b[33m,\u001b[39m\u001b[36mfunction\u001b[39m(e){\u001b[36mvar\u001b[39m t\u001b[33m=\u001b[39me\u001b[33m.\u001b[39mtheme\u001b[33m,\u001b[39mn\u001b[33m=\u001b[39mt\u001b[33m.\u001b[39mmainSwatch\u001b[33m,\u001b[39mr\u001b[33m=\u001b[39mt\u001b[33m.\u001b[39mtypography\u001b[33m;\u001b[39m\u001b[36mreturn\u001b[39m\u001b[32m\"\\n  text-align: center;\\n  margin-bottom: 20px;\\n  padding: 20px 0;\\n  @media screen and (max-width: \"\u001b[39m\u001b[33m.\u001b[39mconcat(qt\u001b[33m.\u001b[39ma\u001b[33m.\u001b[39mlarge\u001b[33m,\u001b[39m\u001b[32m\") {\\n    display: flex;\\n    margin-bottom: 10px;\\n    padding: 10px 0;\\n  }\\n  .fi__icon {\\n    position: relative;\\n    margin: 20px auto;\\n    background-color: \"\u001b[39m)\u001b[33m.\u001b[39mconcat(he\u001b[33m.\u001b[39ma\u001b[33m.\u001b[39maqua\u001b[33m,\u001b[39m\u001b[32m\";\\n    width: 80px;\\n    height: 80px;\\n    border-radius: 80px;\\n    @media screen and (max-width: \"\u001b[39m)\u001b[33m.\u001b[39mconcat(qt\u001b[33m.\u001b[39ma\u001b[33m.\u001b[39mlarge\u001b[33m,\u001b[39m\u001b[32m\") {\\n      float: left;\\n      width: 30px;\\n      height: 30px;\\n      margin-right: 20px;\\n      margin-top: 5px;\\n    }\\n  }\\n  .fi__content {\\n    @media screen and (max-width: \"\u001b[39m)\u001b[33m.\u001b[39mconcat(qt\u001b[33m.\u001b[39ma\u001b[33m.\u001b[39mlarge\u001b[33m,\u001b[39m\u001b[32m\") {\\n      flex-grow: 2;\\n      text-align: left;\\n    }\\n    & > a {\\n      @media screen and (max-width: \"\u001b[39m)\u001b[33m.\u001b[39mconcat(qt\u001b[33m.\u001b[39ma\u001b[33m.\u001b[39mlarge\u001b[33m,\u001b[39m\u001b[32m\") {\\n        text-align: left;\\n      }\\n    }\\n  }\\n  img {\\n    width: 80%;\\n    top: 0;\\n    bottom: 0;\\n    margin: auto;\\n    position: absolute;\\n    left: 0;\\n    right: 0;\\n  }\\n  h3 {\\n    font-family: \"\u001b[39m)\u001b[33m.\u001b[39mconcat(r\u001b[33m.\u001b[39msecondary\u001b[33m,\u001b[39m\u001b[32m\";\\n    color: \"\u001b[39m)\u001b[33m.\u001b[39mconcat(n\u001b[33m.\u001b[39mwhite\u001b[33m,\u001b[39m\u001b[32m\";\\n    font-size: 16px;\\n    line-height: 24px;\\n    font-weight: bold;\\n    line-height: 35px;\\n    text-align: center;\\n    margin-bottom: 5px;\\n    @media screen and (max-width: \"\u001b[39m)\u001b[33m.\u001b[39mconcat(qt\u001b[33m.\u001b[39ma\u001b[33m.\u001b[39mlarge\u001b[33m,\u001b[39m\u001b[32m\") {\\n      font-size: 20px;\\n      line-height: 26px;\\n      text-align: left;\\n    }\\n    @media screen and (max-width: \"\u001b[39m)\u001b[33m.\u001b[39mconcat(qt\u001b[33m.\u001b[39ma\u001b[33m.\u001b[39mmedium\u001b[33m,\u001b[39m\u001b[32m\") {\\n      font-size: 16px;\\n    }\\n  }\\n  p {\\n    color: \"\u001b[39m)\u001b[33m.\u001b[39mconcat(n\u001b[33m.\u001b[39mwhite\u001b[33m,\u001b[39m\u001b[32m\";\\n    font-size: 16px;\\n    text-align: center;\\n    margin-bottom: 5px;\\n    font-weight: normal;\\n    @media screen and (max-width: \"\u001b[39m)\u001b[33m.\u001b[39mconcat(qt\u001b[33m.\u001b[39ma\u001b[33m.\u001b[39mlarge\u001b[33m,\u001b[39m\u001b[32m\") {\\n      line-height: 22px;\\n      text-align: left;\\n    }\\n  }\\n  .cs__link {\\n    @media screen and (max-width: \"\u001b[39m)\u001b[33m.\u001b[39mconcat(qt\u001b[33m.\u001b[39ma\u001b[33m.\u001b[39mlarge\u001b[33m,\u001b[39m\u001b[32m\") {\\n      display: none;\\n    }\\n    a {\\n      display: block;\\n      position: relative;\\n      width: 30px;\\n      height: 30px;\\n      border-radius: 30px;\\n      background-color: \"\u001b[39m)\u001b[33m.\u001b[39mconcat(he\u001b[33m.\u001b[39ma\u001b[33m.\u001b[39maqua\u001b[33m,\u001b[39m\u001b[32m\";\\n      margin: 20px auto;\\n\\n      &:hover {\\n        text-decoration: none;\\n        border: 0;\\n      }\\n      svg {\\n        position: absolute;\\n        top: 0;\\n        bottom: 0;\\n        left: 0;\\n        right: 0;\\n        margin: auto;\\n        width: 12px;\\n        height: 8px;\\n      }\\n    }\\n  }\\n  \"\u001b[39m)})\u001b[33m;\u001b[39m\u001b[33mKt\u001b[39m\u001b[33m.\u001b[39mpropTypes\u001b[33m=\u001b[39m{}\u001b[33m,\u001b[39m\u001b[33mKt\u001b[39m\u001b[33m.\u001b[39mdefaultProps\u001b[33m=\u001b[39m{}\u001b[33m;\u001b[39m\u001b[36mvar\u001b[39m zt\u001b[33m=\u001b[39m\u001b[33mKt\u001b[39m\u001b[33m,\u001b[39m\u001b[33mUt\u001b[39m\u001b[33m=\u001b[39m\u001b[36mfunction\u001b[39m(e){\u001b[36mvar\u001b[39m t\u001b[33m=\u001b[39me\u001b[33m.\u001b[39mentry\u001b[33m,\u001b[39mn\u001b[33m=\u001b[39me\u001b[33m.\u001b[39mglanceBarMessages\u001b[33m,\u001b[39mr\u001b[33m=\u001b[39me\u001b[33m.\u001b[39mclassName\u001b[33m;\u001b[39m\u001b[36mreturn\u001b[39m t\u001b[33m?\u001b[39mc\u001b[33m.\u001b[39ma\u001b[33m.\u001b[39mcreateElement(\u001b[32m\"section\"\u001b[39m\u001b[33m,\u001b[39m{className\u001b[33m:\u001b[39mr}\u001b[33m,\u001b[39mc\u001b[33m.\u001b[39ma\u001b[33m.\u001b[39mcreateElement(me\u001b[33m.\u001b[39ma\u001b[33m,\u001b[39m\u001b[36mnull\u001b[39m\u001b[33m,\u001b[39m\u001b[36mfunction\u001b[39m(e\u001b[33m,\u001b[39mt){\u001b[36mvar\u001b[39m n\u001b[33m=\u001b[39m[c\u001b[33m.\u001b[39ma\u001b[33m.\u001b[39mcreateElement(\u001b[32m\"p\"\u001b[39m\u001b[33m,\u001b[39m{key\u001b[33m:\u001b[39me\u001b[33m.\u001b[39mucasPGCode}\u001b[33m,\u001b[39me\u001b[33m.\u001b[39mucasPGCode)]\u001b[33m;\u001b[39me\u001b[33m.\u001b[39mucasPGPlacementCod\u001b[33m&&\u001b[39me\u001b[33m.\u001b[39mplacement\u001b[33m.\u001b[39mname\u001b[33m&&\u001b[39mn\u001b[33m.\u001b[39mpush(c\u001b[33m.\u001b[39ma\u001b[33m.\u001b[39mcreateElement(\u001b[32m\"p\"\u001b[39m\u001b[33m,\u001b[39m{key\u001b[33m:\u001b[39me\u001b[33m.\u001b[39mucasPGPlacementCode}\u001b[33m,\u001b[39me\u001b[33m.\u001b[39mucasPGPlacementCode\u001b[33m+\u001b[39m\u001b[32m\" with \"\u001b[39m\u001b[33m+\u001b[39me\u001b[33m.\u001b[39mplacement\u001b[33m.\u001b[39mname))\u001b[33m;\u001b[39m\u001b[36mreturn\u001b[39m t\u001b[33m&&\u001b[39mt\u001b[33m.\u001b[39mlength\u001b[33m>\u001b[39m\u001b[35m0\u001b[39m\u001b[33m&&\u001b[39mt\u001b[33m.\u001b[39msome(\u001b[36mfunction\u001b[39m(e){\u001b[36mreturn\u001b[39m\u001b[32m\"Course code\"\u001b[39m\u001b[33m==\u001b[39me\u001b[33m.\u001b[39mitemToOverride})\u001b[33m?\u001b[39m\u001b[33mBt\u001b[39m(t\u001b[33m,\u001b[39m\u001b[32m\"Course code\"\u001b[39m)\u001b[33m:\u001b[39me\u001b[33m.\u001b[39mucasPGCode\u001b[33m?\u001b[39mc\u001b[33m.\u001b[39ma\u001b[33m.\u001b[39mcreateElement(fe\u001b[33m.\u001b[39ma\u001b[33m,\u001b[39m{large\u001b[33m:\u001b[39m\u001b[35m2\u001b[39m}\u001b[33m,\u001b[39mc\u001b[33m.\u001b[39ma\u001b[33m.\u001b[39mcreateElement(zt\u001b[33m,\u001b[39m{title\u001b[33m:\u001b[39m\u001b[32m\"Course code\"\u001b[39m\u001b[33m,\u001b[39miconName\u001b[33m:\u001b[39m\u001b[32m\"courseCode\"\u001b[39m}\u001b[33m,\u001b[39mc\u001b[33m.\u001b[39ma\u001b[33m.\u001b[39mcreateElement(o\u001b[33m.\u001b[39m\u001b[33mFragment\u001b[39m\u001b[33m,\u001b[39m\u001b[36mnull\u001b[39m\u001b[33m,\u001b[39mn)))\u001b[33m:\u001b[39mc\u001b[33m.\u001b[39ma\u001b[33m.\u001b[39mcreateElement(fe\u001b[33m.\u001b[39ma\u001b[33m,\u001b[39m{large\u001b[33m:\u001b[39m\u001b[35m2\u001b[39m}\u001b[33m,\u001b[39mc\u001b[33m.\u001b[39ma\u001b[33m.\u001b[39mcreateElement(zt\u001b[33m,\u001b[39m{title\u001b[33m:\u001b[39m\u001b[32m\"Location\"\u001b[39m\u001b[33m,\u001b[39miconName\u001b[33m:\u001b[39m\u001b[32m\"location\"\u001b[39m}\u001b[33m,\u001b[39mc\u001b[33m.\u001b[39ma\u001b[33m.\u001b[39mcreateElement(o\u001b[33m.\u001b[39m\u001b[33mFragment\u001b[39m\u001b[33m,\u001b[39m\u001b[36mnull\u001b[39m\u001b[33m,\u001b[39me\u001b[33m.\u001b[39mlocation\u001b[33m&&\u001b[39me\u001b[33m.\u001b[39mlocation\u001b[33m.\u001b[39mmap(\u001b[36mfunction\u001b[39m(e){\u001b[36mreturn\u001b[39m c\u001b[33m.\u001b[39ma\u001b[33m.\u001b[39mcreateElement(\u001b[32m\"p\"\u001b[39m\u001b[33m,\u001b[39m{key\u001b[33m:\u001b[39me\u001b[33m.\u001b[39mlocation\u001b[33m.\u001b[39mlat}\u001b[33m,\u001b[39me\u001b[33m.\u001b[39mtitle)}))))}(t\u001b[33m,\u001b[39mn)\u001b[33m,\u001b[39m\u001b[36mfunction\u001b[39m(e\u001b[33m,\u001b[39mt){\u001b[36mvar\u001b[39m n\u001b[33m=\u001b[39me\u001b[33m.\u001b[39mstartDate\u001b[33m?\u001b[39me\u001b[33m.\u001b[39mstartDate\u001b[33m.\u001b[39mmap(\u001b[36mfunction\u001b[39m(e){\u001b[36mreturn\u001b[39m c\u001b[33m.\u001b[39ma\u001b[33m.\u001b[39mcreateElement(\u001b[32m\"p\"\u001b[39m\u001b[33m,\u001b[39m{key\u001b[33m:\u001b[39me\u001b[33m.\u001b[39mkey}\u001b[33m,\u001b[39me\u001b[33m.\u001b[39mname)})\u001b[33m:\u001b[39m\u001b[36mnull\u001b[39m\u001b[33m;\u001b[39m\u001b[36mreturn\u001b[39m t\u001b[33m&&\u001b[39mt\u001b[33m.\u001b[39mlength\u001b[33m>\u001b[39m\u001b[35m0\u001b[39m\u001b[33m&&\u001b[39mt\u001b[33m.\u001b[39msome(\u001b[36mfunction\u001b[39m(e){\u001b[36mreturn\u001b[39m\u001b[32m\"Start-date\"\u001b[39m\u001b[33m==\u001b[39me\u001b[33m.\u001b[39mitemToOverride})\u001b[33m?\u001b[39m\u001b[33mBt\u001b[39m(t\u001b[33m,\u001b[39m\u001b[32m\"Start-date\"\u001b[39m)\u001b[33m:\u001b[39mc\u001b[33m.\u001b[39ma\u001b[33m.\u001b[39mcreateElement(fe\u001b[33m.\u001b[39ma\u001b[33m,\u001b[39m{large\u001b[33m:\u001b[39m\u001b[35m2\u001b[39m}\u001b[33m,\u001b[39mc\u001b[33m.\u001b[39ma\u001b[33m.\u001b[39mcreateElement(zt\u001b[33m,\u001b[39m{title\u001b[33m:\u001b[39m\u001b[32m\"Start date\"\u001b[39m\u001b[33m,\u001b[39miconName\u001b[33m:\u001b[39m\u001b[32m\"startDate\"\u001b[39m}\u001b[33m,\u001b[39mc\u001b[33m.\u001b[39ma\u001b[33m.\u001b[39mcreateElement(o\u001b[33m.\u001b[39m\u001b[33mFragment\u001b[39m\u001b[33m,\u001b[39m\u001b[36mnull\u001b[39m\u001b[33m,\u001b[39mn)))}(t\u001b[33m,\u001b[39mn)\u001b[33m,\u001b[39m\u001b[36mfunction\u001b[39m(e\u001b[33m,\u001b[39mt){\u001b[36mvar\u001b[39m n\u001b[33m=\u001b[39m\u001b[33m!\u001b[39m\u001b[33m!\u001b[39me\u001b[33m.\u001b[39mplacement\u001b[33m&&\u001b[39m\u001b[32m\"none\"\u001b[39m\u001b[33m!=\u001b[39me\u001b[33m.\u001b[39mplacement\u001b[33m.\u001b[39mname\u001b[33m;\u001b[39m\u001b[36mreturn\u001b[39m t\u001b[33m&&\u001b[39mt\u001b[33m.\u001b[39mlength\u001b[33m>\u001b[39m\u001b[35m0\u001b[39m\u001b[33m&&\u001b[39mt\u001b[33m.\u001b[39msome(\u001b[36mfunction\u001b[39m(e){\u001b[36mreturn\u001b[39m\u001b[32m\"Placement\"\u001b[39m\u001b[33m==\u001b[39me\u001b[33m.\u001b[39mitemToOverride})\u001b[33m?\u001b[39m\u001b[33mBt\u001b[39m(t\u001b[33m,\u001b[39m\u001b[32m\"Placement\"\u001b[39m)\u001b[33m:\u001b[39m\u001b[33m!\u001b[39mn\u001b[33m&&\u001b[39me\u001b[33m.\u001b[39msubjectAreas\u001b[33m?\u001b[39mc\u001b[33m.\u001b[39ma\u001b[33m.\u001b[39mcreateElement(fe\u001b[33m.\u001b[39ma\u001b[33m,\u001b[39m{large\u001b[33m:\u001b[39m\u001b[35m2\u001b[39m}\u001b[33m,\u001b[39mc\u001b[33m.\u001b[39ma\u001b[33m.\u001b[39mcreateElement(zt\u001b[33m,\u001b[39m{title\u001b[33m:\u001b[39m\u001b[32m\"Subject area\"\u001b[39m\u001b[33m,\u001b[39miconName\u001b[33m:\u001b[39m\u001b[32m\"subject\"\u001b[39m}\u001b[33m,\u001b[39mc\u001b[33m.\u001b[39ma\u001b[33m.\u001b[39mcreateElement(o\u001b[33m.\u001b[39m\u001b[33mFragment\u001b[39m\u001b[33m,\u001b[39m\u001b[36mnull\u001b[39m\u001b[33m,\u001b[39mc\u001b[33m.\u001b[39ma\u001b[33m.\u001b[39mcreateElement(\u001b[32m\"p\"\u001b[39m\u001b[33m,\u001b[39m\u001b[36mnull\u001b[39m\u001b[33m,\u001b[39me\u001b[33m.\u001b[39msubjectAreas[\u001b[35m0\u001b[39m]\u001b[33m.\u001b[39mname))))\u001b[33m:\u001b[39mc\u001b[33m.\u001b[39ma\u001b[33m.\u001b[39mcreateElement(fe\u001b[33m.\u001b[39ma\u001b[33m,\u001b[39m{large\u001b[33m:\u001b[39m\u001b[35m2\u001b[39m}\u001b[33m,\u001b[39mc\u001b[33m.\u001b[39ma\u001b[33m.\u001b[39mcreateElement(zt\u001b[33m,\u001b[39m{title\u001b[33m:\u001b[39mn\u001b[33m?\u001b[39m\u001b[32m\"Placement available\"\u001b[39m\u001b[33m:\u001b[39m\u001b[32m\"No placement available\"\u001b[39m\u001b[33m,\u001b[39miconName\u001b[33m:\u001b[39m\u001b[32m\"placement\"\u001b[39m}))}(t\u001b[33m,\u001b[39mn)\u001b[33m,\u001b[39m\u001b[36mfunction\u001b[39m(e\u001b[33m,\u001b[39mt){\u001b[36mvar\u001b[39m n\u001b[33m=\u001b[39me\u001b[33m.\u001b[39mcourseStudyMode\u001b[33m?\u001b[39me\u001b[33m.\u001b[39mcourseStudyMode\u001b[33m.\u001b[39mfilter(\u001b[36mfunction\u001b[39m(e){\u001b[36mreturn\u001b[39m\u001b[33m!\u001b[39m\u001b[35m1\u001b[39m\u001b[33m===\u001b[39me\u001b[33m.\u001b[39mhideFromGlanceBar})\u001b[33m.\u001b[39mmap(\u001b[36mfunction\u001b[39m(e\u001b[33m,\u001b[39mt){\u001b[36mreturn\u001b[39m c\u001b[33m.\u001b[39ma\u001b[33m.\u001b[39mcreateElement(\u001b[32m\"p\"\u001b[39m\u001b[33m,\u001b[39m{key\u001b[33m:\u001b[39mt}\u001b[33m,\u001b[39m\u001b[32m\"\"\u001b[39m\u001b[33m.\u001b[39mconcat(e\u001b[33m.\u001b[39mduration\u001b[33m,\u001b[39m\u001b[32m\" \"\u001b[39m)\u001b[33m.\u001b[39mconcat(\u001b[36mfunction\u001b[39m(e){\u001b[36mreturn\u001b[39m e\u001b[33m.\u001b[39mreplace(\u001b[32m\"thick-sandwich\"\u001b[39m\u001b[33m,\u001b[39m\u001b[32m\" with placement\"\u001b[39m)\u001b[33m.\u001b[39mreplace(\u001b[32m\"thin-sandwich\"\u001b[39m\u001b[33m,\u001b[39m\u001b[32m\" with placement\"\u001b[39m)\u001b[33m.\u001b[39mreplace(\u001b[32m\"compressed-sandwich\"\u001b[39m\u001b[33m,\u001b[39m\u001b[32m\" with placement\"\u001b[39m)\u001b[33m.\u001b[39mreplace(\u001b[32m\"distance learning\"\u001b[39m\u001b[33m,\u001b[39m\u001b[32m\"(distance learning)\"\u001b[39m)}(e\u001b[33m.\u001b[39mmode)))})\u001b[33m:\u001b[39m\u001b[36mnull\u001b[39m\u001b[33m;\u001b[39m\u001b[36mreturn\u001b[39m t\u001b[33m&&\u001b[39mt\u001b[33m.\u001b[39mlength\u001b[33m>\u001b[39m\u001b[35m0\u001b[39m\u001b[33m&&\u001b[39mt\u001b[33m.\u001b[39msome(\u001b[36mfunction\u001b[39m(e){\u001b[36mreturn\u001b[39m\u001b[32m\"Studymode\"\u001b[39m\u001b[33m==\u001b[39me\u001b[33m.\u001b[39mitemToOverride})\u001b[33m?\u001b[39m\u001b[33mBt\u001b[39m(t\u001b[33m,\u001b[39m\u001b[32m\"Studymode\"\u001b[39m)\u001b[33m:\u001b[39mc\u001b[33m.\u001b[39ma\u001b[33m.\u001b[39mcreateElement(fe\u001b[33m.\u001b[39ma\u001b[33m,\u001b[39m{large\u001b[33m:\u001b[39m\u001b[35m2\u001b[39m}\u001b[33m,\u001b[39mc\u001b[33m.\u001b[39ma\u001b[33m.\u001b[39mcreateElement(zt\u001b[33m,\u001b[39m{title\u001b[33m:\u001b[39m\u001b[32m\"Mode of study\"\u001b[39m\u001b[33m,\u001b[39miconName\u001b[33m:\u001b[39m\u001b[32m\"studyMode\"\u001b[39m}\u001b[33m,\u001b[39mc\u001b[33m.\u001b[39ma\u001b[33m.\u001b[39mcreateElement(o\u001b[33m.\u001b[39m\u001b[33mFragment\u001b[39m\u001b[33m,\u001b[39m\u001b[36mnull\u001b[39m\u001b[33m,\u001b[39mn)))}(t\u001b[33m,\u001b[39mn)\u001b[33m,\u001b[39m\u001b[36mfunction\u001b[39m(e\u001b[33m,\u001b[39mt){\u001b[36mvar\u001b[39m n\u001b[33m=\u001b[39m\u001b[36mfunction\u001b[39m(e){\u001b[36mif\u001b[39m(e\u001b[33m.\u001b[39mtuitionFees){\u001b[36mvar\u001b[39m t\u001b[33m=\u001b[39me\u001b[33m.\u001b[39mtuitionFees\u001b[33m.\u001b[39mfilter(\u001b[36mfunction\u001b[39m(e){\u001b[36mreturn\u001b[39m e\u001b[33m.\u001b[39mvalidFrom\u001b[33m&&\u001b[39me\u001b[33m.\u001b[39mvalidTo\u001b[33m&&\u001b[39m\u001b[33mDate\u001b[39m\u001b[33m.\u001b[39mparse(e\u001b[33m.\u001b[39mvalidFrom)\u001b[33m<=\u001b[39m\u001b[33mDate\u001b[39m\u001b[33m.\u001b[39mnow()\u001b[33m&&\u001b[39m\u001b[33mDate\u001b[39m\u001b[33m.\u001b[39mparse(e\u001b[33m.\u001b[39mvalidTo)\u001b[33m>=\u001b[39m\u001b[33mDate\u001b[39m\u001b[33m.\u001b[39mnow()\u001b[33m||\u001b[39me\u001b[33m.\u001b[39mvalidFrom\u001b[33m&&\u001b[39m\u001b[33m!\u001b[39me\u001b[33m.\u001b[39mvalidTo\u001b[33m&&\u001b[39m\u001b[33mDate\u001b[39m\u001b[33m.\u001b[39mparse(e\u001b[33m.\u001b[39mvalidFrom)\u001b[33m<=\u001b[39m\u001b[33mDate\u001b[39m\u001b[33m.\u001b[39mnow()\u001b[33m||\u001b[39m\u001b[33m!\u001b[39me\u001b[33m.\u001b[39mvalidFrom\u001b[33m&&\u001b[39me\u001b[33m.\u001b[39mvalidTo\u001b[33m&&\u001b[39m\u001b[33mDate\u001b[39m\u001b[33m.\u001b[39mparse(e\u001b[33m.\u001b[39mvalidTo)\u001b[33m>=\u001b[39m\u001b[33mDate\u001b[39m\u001b[33m.\u001b[39mnow()\u001b[33m||\u001b[39m\u001b[33m!\u001b[39me\u001b[33m.\u001b[39mvalidFrom})\u001b[33m;\u001b[39m\u001b[36mreturn\u001b[39m t\u001b[33m&&\u001b[39mt\u001b[33m.\u001b[39mlength\u001b[33m>\u001b[39m\u001b[35m0\u001b[39m\u001b[33m?\u001b[39mt\u001b[33m.\u001b[39mmap(\u001b[36mfunction\u001b[39m(e){\u001b[36mreturn\u001b[39m e\u001b[33m.\u001b[39mfees\u001b[33m&&\u001b[39me\u001b[33m.\u001b[39mfees\u001b[33m.\u001b[39mlength\u001b[33m>\u001b[39m\u001b[35m0\u001b[39m\u001b[33m?\u001b[39m(e\u001b[33m.\u001b[39mfees\u001b[33m.\u001b[39msome(\u001b[36mfunction\u001b[39m(e){\u001b[36mreturn\u001b[39m e\u001b[33m.\u001b[39mfeeType\u001b[33m.\u001b[39mincludes(\u001b[32m\"UG\"\u001b[39m)})\u001b[33m||\u001b[39me\u001b[33m.\u001b[39mfees\u001b[33m.\u001b[39msome(\u001b[36mfunction\u001b[39m(e){\u001b[36mreturn\u001b[39m e\u001b[33m.\u001b[39mfeeType\u001b[33m.\u001b[39mincludes(\u001b[32m\"PG\"\u001b[39m)}))\u001b[33m&&\u001b[39me\u001b[33m.\u001b[39mfees\u001b[33m.\u001b[39msome(\u001b[36mfunction\u001b[39m(e){\u001b[36mreturn\u001b[39m e\u001b[33m.\u001b[39mfeeType\u001b[33m.\u001b[39mincludes(\u001b[32m\"Distance Learning\"\u001b[39m)})\u001b[33m?\u001b[39mc\u001b[33m.\u001b[39ma\u001b[33m.\u001b[39mcreateElement(o\u001b[33m.\u001b[39m\u001b[33mFragment\u001b[39m\u001b[33m,\u001b[39m{key\u001b[33m:\u001b[39me\u001b[33m.\u001b[39macademicYear}\u001b[33m,\u001b[39mc\u001b[33m.\u001b[39ma\u001b[33m.\u001b[39mcreateElement(\u001b[32m\"p\"\u001b[39m\u001b[33m,\u001b[39m\u001b[36mnull\u001b[39m\u001b[33m,\u001b[39mc\u001b[33m.\u001b[39ma\u001b[33m.\u001b[39mcreateElement(\u001b[32m\"strong\"\u001b[39m\u001b[33m,\u001b[39m\u001b[36mnull\u001b[39m\u001b[33m,\u001b[39me\u001b[33m.\u001b[39macademicYear))\u001b[33m,\u001b[39me\u001b[33m.\u001b[39mfees\u001b[33m.\u001b[39mmap(\u001b[36mfunction\u001b[39m(e){\u001b[36mreturn\u001b[39m\u001b[33m!\u001b[39me\u001b[33m.\u001b[39mfeeType\u001b[33m.\u001b[39mincludes(\u001b[32m\"Distance Learning\"\u001b[39m)\u001b[33m&&\u001b[39mc\u001b[33m.\u001b[39ma\u001b[33m.\u001b[39mcreateElement(\u001b[32m\"p\"\u001b[39m\u001b[33m,\u001b[39m{key\u001b[33m:\u001b[39me\u001b[33m.\u001b[39mfeeType}\u001b[33m,\u001b[39mc\u001b[33m.\u001b[39ma\u001b[33m.\u001b[39mcreateElement(\u001b[32m\"strong\"\u001b[39m\u001b[33m,\u001b[39m\u001b[36mnull\u001b[39m\u001b[33m,\u001b[39me\u001b[33m.\u001b[39mfeeType\u001b[33m.\u001b[39mreplace(\u001b[32m\"UG\"\u001b[39m\u001b[33m,\u001b[39m\u001b[32m\"\"\u001b[39m)\u001b[33m.\u001b[39mreplace(\u001b[32m\"PG\"\u001b[39m\u001b[33m,\u001b[39m\u001b[32m\"\"\u001b[39m)\u001b[33m.\u001b[39mreplace(\u001b[32m\"Distance Learning\"\u001b[39m\u001b[33m,\u001b[39m\u001b[32m\"\"\u001b[39m))\u001b[33m,\u001b[39m\u001b[32m\" \"\u001b[39m\u001b[33m,\u001b[39m\u001b[33mS\u001b[39m\u001b[33m.\u001b[39mb\u001b[33m.\u001b[39mcurrencyFormat(e\u001b[33m.\u001b[39mfee))}))\u001b[33m:\u001b[39mc\u001b[33m.\u001b[39ma\u001b[33m.\u001b[39mcreateElement(o\u001b[33m.\u001b[39m\u001b[33mFragment\u001b[39m\u001b[33m,\u001b[39m{key\u001b[33m:\u001b[39me\u001b[33m.\u001b[39macademicYear}\u001b[33m,\u001b[39mc\u001b[33m.\u001b[39ma\u001b[33m.\u001b[39mcreateElement(\u001b[32m\"p\"\u001b[39m\u001b[33m,\u001b[39m\u001b[36mnull\u001b[39m\u001b[33m,\u001b[39mc\u001b[33m.\u001b[39ma\u001b[33m.\u001b[39mcreateElement(\u001b[32m\"strong\"\u001b[39m\u001b[33m,\u001b[39m\u001b[36mnull\u001b[39m\u001b[33m,\u001b[39me\u001b[33m.\u001b[39macademicYear))\u001b[33m,\u001b[39me\u001b[33m.\u001b[39mfees\u001b[33m.\u001b[39mmap(\u001b[36mfunction\u001b[39m(e){\u001b[36mreturn\u001b[39m c\u001b[33m.\u001b[39ma\u001b[33m.\u001b[39mcreateElement(\u001b[32m\"p\"\u001b[39m\u001b[33m,\u001b[39m{key\u001b[33m:\u001b[39me\u001b[33m.\u001b[39mfeeType}\u001b[33m,\u001b[39mc\u001b[33m.\u001b[39ma\u001b[33m.\u001b[39mcreateElement(\u001b[32m\"strong\"\u001b[39m\u001b[33m,\u001b[39m\u001b[36mnull\u001b[39m\u001b[33m,\u001b[39me\u001b[33m.\u001b[39mfeeType\u001b[33m.\u001b[39mreplace(\u001b[32m\"UG\"\u001b[39m\u001b[33m,\u001b[39m\u001b[32m\"\"\u001b[39m)\u001b[33m.\u001b[39mreplace(\u001b[32m\"PG\"\u001b[39m\u001b[33m,\u001b[39m\u001b[32m\"\"\u001b[39m)\u001b[33m.\u001b[39mreplace(\u001b[32m\"Distance Learning\"\u001b[39m\u001b[33m,\u001b[39m\u001b[32m\"\"\u001b[39m))\u001b[33m,\u001b[39m\u001b[32m\" \"\u001b[39m\u001b[33m,\u001b[39m\u001b[33mS\u001b[39m\u001b[33m.\u001b[39mb\u001b[33m.\u001b[39mcurrencyFormat(e\u001b[33m.\u001b[39mfee))}))\u001b[33m:\u001b[39me\u001b[33m.\u001b[39mpartTimeFeeValueOverrideUKEU\u001b[33m&&\u001b[39me\u001b[33m.\u001b[39mpartTimeFeeValueOverrideInt\u001b[33m?\u001b[39mc\u001b[33m.\u001b[39ma\u001b[33m.\u001b[39mcreateElement(c\u001b[33m.\u001b[39ma\u001b[33m.\u001b[39m\u001b[33mFragment\u001b[39m\u001b[33m,\u001b[39m\u001b[36mnull\u001b[39m\u001b[33m,\u001b[39mc\u001b[33m.\u001b[39ma\u001b[33m.\u001b[39mcreateElement(\u001b[32m\"p\"\u001b[39m\u001b[33m,\u001b[39m\u001b[36mnull\u001b[39m\u001b[33m,\u001b[39mc\u001b[33m.\u001b[39ma\u001b[33m.\u001b[39mcreateElement(\u001b[32m\"strong\"\u001b[39m\u001b[33m,\u001b[39m\u001b[36mnull\u001b[39m\u001b[33m,\u001b[39me\u001b[33m.\u001b[39macademicYear))\u001b[33m,\u001b[39mc\u001b[33m.\u001b[39ma\u001b[33m.\u001b[39mcreateElement(\u001b[32m\"p\"\u001b[39m\u001b[33m,\u001b[39m\u001b[36mnull\u001b[39m\u001b[33m,\u001b[39mc\u001b[33m.\u001b[39ma\u001b[33m.\u001b[39mcreateElement(\u001b[32m\"strong\"\u001b[39m\u001b[33m,\u001b[39m\u001b[36mnull\u001b[39m\u001b[33m,\u001b[39m\u001b[32m\"UK / EU\"\u001b[39m)\u001b[33m,\u001b[39m\u001b[32m\" \"\u001b[39m\u001b[33m,\u001b[39m\u001b[33mS\u001b[39m\u001b[33m.\u001b[39mb\u001b[33m.\u001b[39mcurrencyFormat(e\u001b[33m.\u001b[39mpartTimeFeeValueOverrideUKEU)\u001b[33m+\u001b[39m\u001b[32m\" (part-time)\"\u001b[39m)\u001b[33m,\u001b[39mc\u001b[33m.\u001b[39ma\u001b[33m.\u001b[39mcreateElement(\u001b[32m\"p\"\u001b[39m\u001b[33m,\u001b[39m\u001b[36mnull\u001b[39m\u001b[33m,\u001b[39mc\u001b[33m.\u001b[39ma\u001b[33m.\u001b[39mcreateElement(\u001b[32m\"strong\"\u001b[39m\u001b[33m,\u001b[39m\u001b[36mnull\u001b[39m\u001b[33m,\u001b[39m\u001b[32m\"International\"\u001b[39m)\u001b[33m,\u001b[39m\u001b[32m\" \"\u001b[39m\u001b[33m,\u001b[39m\u001b[33mS\u001b[39m\u001b[33m.\u001b[39mb\u001b[33m.\u001b[39mcurrencyFormat(e\u001b[33m.\u001b[39mpartTimeFeeValueOverrideInt)\u001b[33m+\u001b[39m\u001b[32m\" (part-time)\"\u001b[39m))\u001b[33m:\u001b[39m\u001b[36mnull\u001b[39m})\u001b[33m:\u001b[39m\u001b[36mnull\u001b[39m}\u001b[36mreturn\u001b[39m \u001b[36mnull\u001b[39m}(e)\u001b[33m;\u001b[39m\u001b[36mreturn\u001b[39m t\u001b[33m&&\u001b[39mt\u001b[33m.\u001b[39mlength\u001b[33m>\u001b[39m\u001b[35m0\u001b[39m\u001b[33m&&\u001b[39mt\u001b[33m.\u001b[39msome(\u001b[36mfunction\u001b[39m(e){\u001b[36mreturn\u001b[39m\u001b[32m\"Fees\"\u001b[39m\u001b[33m==\u001b[39me\u001b[33m.\u001b[39mitemToOverride})\u001b[33m?\u001b[39m\u001b[33mBt\u001b[39m(t\u001b[33m,\u001b[39m\u001b[32m\"Fees\"\u001b[39m)\u001b[33m:\u001b[39mc\u001b[33m.\u001b[39ma\u001b[33m.\u001b[39mcreateElement(fe\u001b[33m.\u001b[39ma\u001b[33m,\u001b[39m{large\u001b[33m:\u001b[39m\u001b[35m2\u001b[39m}\u001b[33m,\u001b[39mc\u001b[33m.\u001b[39ma\u001b[33m.\u001b[39mcreateElement(zt\u001b[33m,\u001b[39m{title\u001b[33m:\u001b[39m\u001b[32m\"Fees\"\u001b[39m\u001b[33m,\u001b[39miconName\u001b[33m:\u001b[39m\u001b[32m\"fees\"\u001b[39m\u001b[33m,\u001b[39mlink\u001b[33m:\u001b[39m\u001b[32m\"fees\"\u001b[39m}\u001b[33m,\u001b[39mc\u001b[33m.\u001b[39ma\u001b[33m.\u001b[39mcreateElement(o\u001b[33m.\u001b[39m\u001b[33mFragment\u001b[39m\u001b[33m,\u001b[39m\u001b[36mnull\u001b[39m\u001b[33m,\u001b[39mn)))}(t\u001b[33m,\u001b[39mn)\u001b[33m,\u001b[39m\u001b[36mfunction\u001b[39m(e\u001b[33m,\u001b[39mt){\u001b[36mvar\u001b[39m n\u001b[33m=\u001b[39m\u001b[33m!\u001b[39me\u001b[33m.\u001b[39mlevel\u001b[33m||\u001b[39m\u001b[33m-\u001b[39m\u001b[35m1\u001b[39m\u001b[33m!==\u001b[39me\u001b[33m.\u001b[39mlevel\u001b[33m.\u001b[39mfindIndex(\u001b[36mfunction\u001b[39m(e){\u001b[36mreturn\u001b[39m\u001b[35m/Foundation|Undergraduate/g\u001b[39m\u001b[33m.\u001b[39mtest(e\u001b[33m.\u001b[39mname)})\u001b[33m,\u001b[39mr\u001b[33m=\u001b[39m\u001b[33m!\u001b[39m\u001b[35m0\u001b[39m\u001b[33m===\u001b[39mn\u001b[33m?\u001b[39m\u001b[32m\" (A-level)\"\u001b[39m\u001b[33m:\u001b[39m\u001b[32m\"\"\u001b[39m\u001b[33m,\u001b[39ma\u001b[33m=\u001b[39me\u001b[33m.\u001b[39mentryRequirements\u001b[33m&&\u001b[39me\u001b[33m.\u001b[39mentryRequirements\u001b[33m.\u001b[39mibPoints\u001b[33m?\u001b[39me\u001b[33m.\u001b[39mentryRequirements\u001b[33m.\u001b[39mibPoints\u001b[33m:\u001b[39m\u001b[32m\"N/A\"\u001b[39m\u001b[33m,\u001b[39mi\u001b[33m=\u001b[39me\u001b[33m.\u001b[39mentryRequirements\u001b[33m&&\u001b[39me\u001b[33m.\u001b[39mentryRequirements\u001b[33m.\u001b[39mbtecPoints\u001b[33m?\u001b[39me\u001b[33m.\u001b[39mentryRequirements\u001b[33m.\u001b[39mbtecPoints\u001b[33m:\u001b[39m\u001b[32m\"N/A\"\u001b[39m\u001b[33m,\u001b[39ms\u001b[33m=\u001b[39me\u001b[33m.\u001b[39mentryRequirements\u001b[33m&&\u001b[39me\u001b[33m.\u001b[39mentryRequirements\u001b[33m.\u001b[39minternationalEntryRequirement\u001b[33m?\u001b[39m\u001b[36mfunction\u001b[39m(e){\u001b[36mswitch\u001b[39m(e){\u001b[36mcase\u001b[39m\u001b[32m\"Second Lower\"\u001b[39m\u001b[33m:\u001b[39m\u001b[36mreturn\u001b[39m\u001b[32m\"2:2\"\u001b[39m\u001b[33m;\u001b[39m\u001b[36mcase\u001b[39m\u001b[32m\"Second Upper\"\u001b[39m\u001b[33m:\u001b[39m\u001b[36mreturn\u001b[39m\u001b[32m\"2:1\"\u001b[39m\u001b[33m;\u001b[39m\u001b[36mcase\u001b[39m\u001b[32m\"First\"\u001b[39m\u001b[33m:\u001b[39m\u001b[36mreturn\u001b[39m\u001b[32m\"1st\"\u001b[39m\u001b[33m;\u001b[39m\u001b[36mcase\u001b[39m\u001b[32m\"Exception\"\u001b[39m\u001b[33m:\u001b[39m\u001b[36mreturn\u001b[39m\u001b[32m\"Exception\"\u001b[39m}\u001b[36mreturn\u001b[39m e}(e\u001b[33m.\u001b[39mentryRequirements\u001b[33m.\u001b[39minternationalEntryRequirement\u001b[33m.\u001b[39mtitle)\u001b[33m:\u001b[39m\u001b[32m\"N/A\"\u001b[39m\u001b[33m;\u001b[39m\u001b[36mreturn\u001b[39m t\u001b[33m&&\u001b[39mt\u001b[33m.\u001b[39mlength\u001b[33m>\u001b[39m\u001b[35m0\u001b[39m\u001b[33m&&\u001b[39mt\u001b[33m.\u001b[39msome(\u001b[36mfunction\u001b[39m(e){\u001b[36mreturn\u001b[39m\u001b[32m\"Entry requirements\"\u001b[39m\u001b[33m==\u001b[39me\u001b[33m.\u001b[39mitemToOverride})\u001b[33m?\u001b[39m\u001b[33mBt\u001b[39m(t\u001b[33m,\u001b[39m\u001b[32m\"Entry requirements\"\u001b[39m)\u001b[33m:\u001b[39mc\u001b[33m.\u001b[39ma\u001b[33m.\u001b[39mcreateElement(fe\u001b[33m.\u001b[39ma\u001b[33m,\u001b[39m{large\u001b[33m:\u001b[39m\u001b[35m2\u001b[39m}\u001b[33m,\u001b[39mc\u001b[33m.\u001b[39ma\u001b[33m.\u001b[39mcreateElement(zt\u001b[33m,\u001b[39m{title\u001b[33m:\u001b[39m\u001b[32m\"Entry requirements\"\u001b[39m\u001b[33m,\u001b[39miconName\u001b[33m:\u001b[39m\u001b[32m\"entryCriteria\"\u001b[39m\u001b[33m,\u001b[39mlink\u001b[33m:\u001b[39m\u001b[32m\"entryRequirements\"\u001b[39m}\u001b[33m,\u001b[39mc\u001b[33m.\u001b[39ma\u001b[33m.\u001b[39mcreateElement(o\u001b[33m.\u001b[39m\u001b[33mFragment\u001b[39m\u001b[33m,\u001b[39m\u001b[36mnull\u001b[39m\u001b[33m,\u001b[39mc\u001b[33m.\u001b[39ma\u001b[33m.\u001b[39mcreateElement(\u001b[32m\"p\"\u001b[39m\u001b[33m,\u001b[39m\u001b[36mnull\u001b[39m\u001b[33m,\u001b[39ms\u001b[33m+\u001b[39mr)\u001b[33m,\u001b[39mc\u001b[33m.\u001b[39ma\u001b[33m.\u001b[39mcreateElement(\u001b[32m\"p\"\u001b[39m\u001b[33m,\u001b[39m\u001b[36mnull\u001b[39m\u001b[33m,\u001b[39mn\u001b[33m&&\u001b[39mi\u001b[33m+\u001b[39m\u001b[32m\" (BTEC)\"\u001b[39m)\u001b[33m,\u001b[39mc\u001b[33m.\u001b[39ma\u001b[33m.\u001b[39mcreateElement(\u001b[32m\"p\"\u001b[39m\u001b[33m,\u001b[39m\u001b[36mnull\u001b[39m\u001b[33m,\u001b[39mn\u001b[33m&&\u001b[39ma\u001b[33m+\u001b[39m\u001b[32m\" (IB)\"\u001b[39m))))}(t\u001b[33m,\u001b[39mn)))\u001b[33m:\u001b[39mc\u001b[33m.\u001b[39ma\u001b[33m.\u001b[39mcreateElement(\u001b[32m\"div\"\u001b[39m\u001b[33m,\u001b[39m\u001b[36mnull\u001b[39m\u001b[33m,\u001b[39m\u001b[32m\"Loading\"\u001b[39m)}\u001b[33m;\u001b[39m\u001b[36mfunction\u001b[39m \u001b[33mBt\u001b[39m(e\u001b[33m,\u001b[39mt){\u001b[36mvar\u001b[39m n\u001b[33m=\u001b[39me\u001b[33m.\u001b[39mfind(\u001b[36mfunction\u001b[39m(e){\u001b[36mreturn\u001b[39m e\u001b[33m.\u001b[39mitemToOverride\u001b[33m===\u001b[39mt})\u001b[33m,\u001b[39mr\u001b[33m=\u001b[39m\u001b[32m\"\"\u001b[39m\u001b[33m,\u001b[39ma\u001b[33m=\u001b[39m\u001b[32m\"\"\u001b[39m\u001b[33m;\u001b[39m\u001b[36mswitch\u001b[39m(t){\u001b[36mcase\u001b[39m\u001b[32m\"Course code\"\u001b[39m\u001b[33m:\u001b[39mr\u001b[33m=\u001b[39m\u001b[32m\"courseCode\"\u001b[39m\u001b[33m,\u001b[39ma\u001b[33m=\u001b[39m\u001b[32m\"Course code\"\u001b[39m\u001b[33m;\u001b[39m\u001b[36mbreak\u001b[39m\u001b[33m;\u001b[39m\u001b[36mcase\u001b[39m\u001b[32m\"Start-date\"\u001b[39m\u001b[33m:\u001b[39mr\u001b[33m=\u001b[39m\u001b[32m\"startDate\"\u001b[39m\u001b[33m,\u001b[39ma\u001b[33m=\u001b[39m\u001b[32m\"Start date\"\u001b[39m\u001b[33m;\u001b[39m\u001b[36mbreak\u001b[39m\u001b[33m;\u001b[39m\u001b[36mcase\u001b[39m\u001b[32m\"Placement\"\u001b[39m\u001b[33m:\u001b[39mr\u001b[33m=\u001b[39m\u001b[32m\"placement\"\u001b[39m\u001b[33m,\u001b[39ma\u001b[33m=\u001b[39m\u001b[32m\"Placement\"\u001b[39m\u001b[33m;\u001b[39m\u001b[36mbreak\u001b[39m\u001b[33m;\u001b[39m\u001b[36mcase\u001b[39m\u001b[32m\"Fees\"\u001b[39m\u001b[33m:\u001b[39mr\u001b[33m=\u001b[39m\u001b[32m\"fees\"\u001b[39m\u001b[33m,\u001b[39ma\u001b[33m=\u001b[39m\u001b[32m\"Fees\"\u001b[39m\u001b[33m;\u001b[39m\u001b[36mbreak\u001b[39m\u001b[33m;\u001b[39m\u001b[36mcase\u001b[39m\u001b[32m\"Studymode\"\u001b[39m\u001b[33m:\u001b[39mr\u001b[33m=\u001b[39m\u001b[32m\"studyMode\"\u001b[39m\u001b[33m,\u001b[39ma\u001b[33m=\u001b[39m\u001b[32m\"Mode of study\"\u001b[39m\u001b[33m;\u001b[39m\u001b[36mbreak\u001b[39m\u001b[33m;\u001b[39m\u001b[36mcase\u001b[39m\u001b[32m\"Entry requirements\"\u001b[39m\u001b[33m:\u001b[39mr\u001b[33m=\u001b[39m\u001b[32m\"entryCriteria\"\u001b[39m\u001b[33m,\u001b[39ma\u001b[33m=\u001b[39m\u001b[32m\"Entry requirements\"\u001b[39m}\u001b[36mreturn\u001b[39m e\u001b[33m.\u001b[39micon\u001b[33m&&\u001b[39me\u001b[33m.\u001b[39micon\u001b[33m.\u001b[39masset\u001b[33m&&\u001b[39me\u001b[33m.\u001b[39micon\u001b[33m.\u001b[39masset\u001b[33m.\u001b[39msys\u001b[33m?\u001b[39mc\u001b[33m.\u001b[39ma\u001b[33m.\u001b[39mcreateElement(fe\u001b[33m.\u001b[39ma\u001b[33m,\u001b[39m{large\u001b[33m:\u001b[39m\u001b[35m2\u001b[39m}\u001b[33m,\u001b[39mc\u001b[33m.\u001b[39ma\u001b[33m.\u001b[39mcreateElement(zt\u001b[33m,\u001b[39m{title\u001b[33m:\u001b[39mn\u001b[33m.\u001b[39mtitle\u001b[33m,\u001b[39mexternalIcon\u001b[33m:\u001b[39me\u001b[33m.\u001b[39masset\u001b[33m.\u001b[39msys\u001b[33m.\u001b[39muri}\u001b[33m,\u001b[39mc\u001b[33m.\u001b[39ma\u001b[33m.\u001b[39mcreateElement(rt\u001b[33m.\u001b[39ma\u001b[33m,\u001b[39m{html\u001b[33m:\u001b[39mn\u001b[33m.\u001b[39mtext})))\u001b[33m:\u001b[39mc\u001b[33m.\u001b[39ma\u001b[33m.\u001b[39mcreateElement(fe\u001b[33m.\u001b[39ma\u001b[33m,\u001b[39m{large\u001b[33m:\u001b[39m\u001b[35m2\u001b[39m}\u001b[33m,\u001b[39mc\u001b[33m.\u001b[39ma\u001b[33m.\u001b[39mcreateElement(zt\u001b[33m,\u001b[39m{title\u001b[33m:\u001b[39ma\u001b[33m,\u001b[39miconName\u001b[33m:\u001b[39mr}\u001b[33m,\u001b[39mc\u001b[33m.\u001b[39ma\u001b[33m.\u001b[39mcreateElement(rt\u001b[33m.\u001b[39ma\u001b[33m,\u001b[39m{html\u001b[33m:\u001b[39mn\u001b[33m.\u001b[39mtext})))}\u001b[33mUt\u001b[39m\u001b[33m.\u001b[39mpropTypes\u001b[33m=\u001b[39m{entry\u001b[33m:\u001b[39ml\u001b[33m.\u001b[39ma\u001b[33m.\u001b[39mobject\u001b[33m,\u001b[39mglanceBarMessages\u001b[33m:\u001b[39ml\u001b[33m.\u001b[39ma\u001b[33m.\u001b[39marray\u001b[33m,\u001b[39mclassName\u001b[33m:\u001b[39ml\u001b[33m.\u001b[39ma\u001b[33m.\u001b[39mstring}\u001b[33m;\u001b[39m\u001b[36mvar\u001b[39m \u001b[33mGt\u001b[39m\u001b[33m=\u001b[39m\u001b[33mUt\u001b[39m\u001b[33m,\u001b[39m\u001b[33mHt\u001b[39m\u001b[33m=\u001b[39mp()(\u001b[33mGt\u001b[39m)\u001b[33m.\u001b[39mwithConfig({displayName\u001b[33m:\u001b[39m\u001b[32m\"BoundCourseRecordIconsstyled__StyledBoundCourseRecordIcons\"\u001b[39m\u001b[33m,\u001b[39mcomponentId\u001b[33m:\u001b[39m\u001b[32m\"v4h1v1-0\"\u001b[39m})([\u001b[32m\"background-color:#3c444d;padding:60px 0;\"\u001b[39m])\u001b[33m;\u001b[39m\u001b[33mHt\u001b[39m\u001b[33m.\u001b[39mpropTypes\u001b[33m=\u001b[39m{}\u001b[33m,\u001b[39m\u001b[33mHt\u001b[39m\u001b[33m.\u001b[39mdefaultProps\u001b[33m=\u001b[39m{}\u001b[33m;\u001b[39m\u001b[36mvar\u001b[39m \u001b[33mWt\u001b[39m\u001b[33m=\u001b[39m\u001b[33mHt\u001b[39m\u001b[33m,\u001b[39m\u001b[33mJt\u001b[39m\u001b[33m=\u001b[39m\u001b[36mfunction\u001b[39m(e){\u001b[36mvar\u001b[39m t\u001b[33m=\u001b[39me\u001b[33m.\u001b[39mtitle\u001b[33m,\u001b[39mn\u001b[33m=\u001b[39me\u001b[33m.\u001b[39mlink\u001b[33m,\u001b[39mr\u001b[33m=\u001b[39me\u001b[33m.\u001b[39mclassName\u001b[33m;\u001b[39m\u001b[36mreturn\u001b[39m c\u001b[33m.\u001b[39ma\u001b[33m.\u001b[39mcreateElement(\u001b[32m\"a\"\u001b[39m\u001b[33m,\u001b[39m{href\u001b[33m:\u001b[39mn\u001b[33m,\u001b[39mclassName\u001b[33m:\u001b[39mr}\u001b[33m,\u001b[39mc\u001b[33m.\u001b[39ma\u001b[33m.\u001b[39mcreateElement(\u001b[32m\"div\"\u001b[39m\u001b[33m,\u001b[39m{className\u001b[33m:\u001b[39m\u001b[32m\"card__image\"\u001b[39m})\u001b[33m,\u001b[39mc\u001b[33m.\u001b[39ma\u001b[33m.\u001b[39mcreateElement(\u001b[32m\"div\"\u001b[39m\u001b[33m,\u001b[39m{className\u001b[33m:\u001b[39m\u001b[32m\"card__content\"\u001b[39m}\u001b[33m,\u001b[39mc\u001b[33m.\u001b[39ma\u001b[33m.\u001b[39mcreateElement(\u001b[32m\"p\"\u001b[39m\u001b[33m,\u001b[39m\u001b[36mnull\u001b[39m\u001b[33m,\u001b[39m\u001b[32m\" \"\u001b[39m\u001b[33m,\u001b[39mt\u001b[33m,\u001b[39m\u001b[32m\" \"\u001b[39m)\u001b[33m,\u001b[39m\u001b[32m\" \"\u001b[39m)\u001b[33m,\u001b[39m\u001b[32m\" \"\u001b[39m)}\u001b[33m;\u001b[39m\u001b[33mJt\u001b[39m\u001b[33m.\u001b[39mpropTypes\u001b[33m=\u001b[39m{image\u001b[33m:\u001b[39ml\u001b[33m.\u001b[39ma\u001b[33m.\u001b[39mstring\u001b[33m,\u001b[39mtitle\u001b[33m:\u001b[39ml\u001b[33m.\u001b[39ma\u001b[33m.\u001b[39mstring\u001b[33m.\u001b[39misRequired\u001b[33m,\u001b[39mlink\u001b[33m:\u001b[39ml\u001b[33m.\u001b[39ma\u001b[33m.\u001b[39mstring\u001b[33m,\u001b[39mclassName\u001b[33m:\u001b[39ml\u001b[33m.\u001b[39ma\u001b[33m.\u001b[39mstring}\u001b[33m;\u001b[39m\u001b[36mvar\u001b[39m \u001b[33mVt\u001b[39m\u001b[33m=\u001b[39m\u001b[33mJt\u001b[39m\u001b[33m,\u001b[39m\u001b[33mQt\u001b[39m\u001b[33m=\u001b[39mn(\u001b[35m110\u001b[39m)\u001b[33m,\u001b[39m\u001b[33mYt\u001b[39m\u001b[33m=\u001b[39mn\u001b[33m.\u001b[39mn(\u001b[33mQt\u001b[39m)\u001b[33m,\u001b[39m\u001b[33mXt\u001b[39m\u001b[33m=\u001b[39mp()(\u001b[33mVt\u001b[39m)\u001b[33m.\u001b[39mwithConfig({displayName\u001b[33m:\u001b[39m\u001b[32m\"CourseCardstyled__StyledCourseCard\"\u001b[39m\u001b[33m,\u001b[39mcomponentId\u001b[33m:\u001b[39m\u001b[32m\"sc-19aguq8-0\"\u001b[39m})([\u001b[32m\"background-color:#fff;margin-bottom:30px;height:100px;width:100%;max-width:350px;display:flex;align-items:center;margin-right:20px;text-decoration:none;.card__image{margin-right:25px;height:100px;width:100px;background-size:cover;background-position:center;background-image:url('\"\u001b[39m\u001b[33m,\u001b[39m\u001b[32m\"');img{height:100%;}}.card__content{width:195px;p{font-size:15px;line-height:22px;margin-bottom:10px;}}\"\u001b[39m]\u001b[33m,\u001b[39m\u001b[36mfunction\u001b[39m(e){\u001b[36mreturn\u001b[39m e\u001b[33m.\u001b[39mimage\u001b[33m?\u001b[39me\u001b[33m.\u001b[39mimage\u001b[33m:\u001b[39m\u001b[33mYt\u001b[39m\u001b[33m.\u001b[39ma})\u001b[33m;\u001b[39m\u001b[33mXt\u001b[39m\u001b[33m.\u001b[39mpropTypes\u001b[33m=\u001b[39m{}\u001b[33m,\u001b[39m\u001b[33mXt\u001b[39m\u001b[33m.\u001b[39mdefaultProps\u001b[33m=\u001b[39m{}\u001b[33m;\u001b[39m\u001b[36mvar\u001b[39m \u001b[33mZt\u001b[39m\u001b[33m=\u001b[39m\u001b[33mXt\u001b[39m\u001b[33m,\u001b[39m$t\u001b[33m=\u001b[39m\u001b[36mfunction\u001b[39m(e){\u001b[36mvar\u001b[39m t\u001b[33m=\u001b[39me\u001b[33m.\u001b[39mclassName\u001b[33m,\u001b[39mn\u001b[33m=\u001b[39me\u001b[33m.\u001b[39mchildren\u001b[33m;\u001b[39m\u001b[36mreturn\u001b[39m n\u001b[33m?\u001b[39mc\u001b[33m.\u001b[39ma\u001b[33m.\u001b[39mcreateElement(\u001b[32m\"section\"\u001b[39m\u001b[33m,\u001b[39m{className\u001b[33m:\u001b[39mt}\u001b[33m,\u001b[39mc\u001b[33m.\u001b[39ma\u001b[33m.\u001b[39mcreateElement(me\u001b[33m.\u001b[39ma\u001b[33m,\u001b[39m\u001b[36mnull\u001b[39m\u001b[33m,\u001b[39mc\u001b[33m.\u001b[39ma\u001b[33m.\u001b[39mcreateElement(fe\u001b[33m.\u001b[39ma\u001b[33m,\u001b[39m\u001b[36mnull\u001b[39m\u001b[33m,\u001b[39mc\u001b[33m.\u001b[39ma\u001b[33m.\u001b[39mcreateElement(at\u001b[33m.\u001b[39ma\u001b[33m,\u001b[39m{level\u001b[33m:\u001b[39m\u001b[35m4\u001b[39m\u001b[33m,\u001b[39mtext\u001b[33m:\u001b[39m\u001b[32m\"Related courses\"\u001b[39m\u001b[33m,\u001b[39mclassName\u001b[33m:\u001b[39m\u001b[32m\"relatedCourses\"\u001b[39m})))\u001b[33m,\u001b[39mc\u001b[33m.\u001b[39ma\u001b[33m.\u001b[39mcreateElement(me\u001b[33m.\u001b[39ma\u001b[33m,\u001b[39m\u001b[36mnull\u001b[39m\u001b[33m,\u001b[39mc\u001b[33m.\u001b[39ma\u001b[33m.\u001b[39mcreateElement(o\u001b[33m.\u001b[39m\u001b[33mFragment\u001b[39m\u001b[33m,\u001b[39m\u001b[36mnull\u001b[39m\u001b[33m,\u001b[39mn)))\u001b[33m:\u001b[39m\u001b[36mnull\u001b[39m}\u001b[33m;\u001b[39m$t\u001b[33m.\u001b[39mpropTypes\u001b[33m=\u001b[39m{className\u001b[33m:\u001b[39ml\u001b[33m.\u001b[39ma\u001b[33m.\u001b[39mstring\u001b[33m,\u001b[39mchildren\u001b[33m:\u001b[39ml\u001b[33m.\u001b[39ma\u001b[33m.\u001b[39melement}\u001b[33m;\u001b[39m\u001b[36mvar\u001b[39m en\u001b[33m=\u001b[39m$t\u001b[33m,\u001b[39mtn\u001b[33m=\u001b[39mp()(en)\u001b[33m.\u001b[39mwithConfig({displayName\u001b[33m:\u001b[39m\u001b[32m\"RelatedCoursesstyled__StyledRelatedCourses\"\u001b[39m\u001b[33m,\u001b[39mcomponentId\u001b[33m:\u001b[39m\u001b[32m\"dfyxtl-0\"\u001b[39m})([\u001b[32m\"position:relative;background-color:#f3f3f3;padding:40px 20px;margin-top:50px;\"\u001b[39m])\u001b[33m;\u001b[39mtn\u001b[33m.\u001b[39mpropTypes\u001b[33m=\u001b[39m{}\u001b[33m,\u001b[39mtn\u001b[33m.\u001b[39mdefaultProps\u001b[33m=\u001b[39m{}\u001b[33m;\u001b[39m\u001b[36mvar\u001b[39m nn\u001b[33m=\u001b[39mtn\u001b[33m,\u001b[39mrn\u001b[33m=\u001b[39mn(\u001b[35m111\u001b[39m)\u001b[33m,\u001b[39man\u001b[33m=\u001b[39mn\u001b[33m.\u001b[39mn(rn)\u001b[33m,\u001b[39mon\u001b[33m=\u001b[39m\u001b[36mfunction\u001b[39m e(t){\u001b[36mvar\u001b[39m n\u001b[33m=\u001b[39mt\u001b[33m.\u001b[39mentry\u001b[33m;\u001b[39m\u001b[36mif\u001b[39m(\u001b[33m!\u001b[39mn\u001b[33m||\u001b[39mn\u001b[33m.\u001b[39mrelatedCourses\u001b[33m.\u001b[39mlength\u001b[33m<\u001b[39m\u001b[35m1\u001b[39m)\u001b[36mreturn\u001b[39m \u001b[36mnull\u001b[39m\u001b[33m;\u001b[39m\u001b[36mvar\u001b[39m r\u001b[33m=\u001b[39mn\u001b[33m.\u001b[39mrelatedCourses\u001b[33m.\u001b[39mmap(\u001b[36mfunction\u001b[39m(t){\u001b[36mreturn\u001b[39m e\u001b[33m.\u001b[39mmapEntry(t)})\u001b[33m;\u001b[39m\u001b[36mreturn\u001b[39m c\u001b[33m.\u001b[39ma\u001b[33m.\u001b[39mcreateElement(nn\u001b[33m,\u001b[39m\u001b[36mnull\u001b[39m\u001b[33m,\u001b[39mc\u001b[33m.\u001b[39ma\u001b[33m.\u001b[39mcreateElement(o\u001b[33m.\u001b[39m\u001b[33mFragment\u001b[39m\u001b[33m,\u001b[39m\u001b[36mnull\u001b[39m\u001b[33m,\u001b[39mr\u001b[33m&&\u001b[39mr\u001b[33m.\u001b[39mmap(\u001b[36mfunction\u001b[39m(e){\u001b[36mreturn\u001b[39m c\u001b[33m.\u001b[39ma\u001b[33m.\u001b[39mcreateElement(fe\u001b[33m.\u001b[39ma\u001b[33m,\u001b[39m{large\u001b[33m:\u001b[39m\u001b[35m4\u001b[39m\u001b[33m,\u001b[39mkey\u001b[33m:\u001b[39me\u001b[33m.\u001b[39mtitle\u001b[33m,\u001b[39misLast\u001b[33m:\u001b[39m\u001b[33m!\u001b[39m\u001b[35m0\u001b[39m}\u001b[33m,\u001b[39mc\u001b[33m.\u001b[39ma\u001b[33m.\u001b[39mcreateElement(\u001b[33mZt\u001b[39m\u001b[33m,\u001b[39m$()({key\u001b[33m:\u001b[39me\u001b[33m.\u001b[39mtitle}\u001b[33m,\u001b[39me)))})))}\u001b[33m;\u001b[39mon\u001b[33m.\u001b[39mmapEntry\u001b[33m=\u001b[39m\u001b[36mfunction\u001b[39m(e){\u001b[36mreturn\u001b[39m e\u001b[33m.\u001b[39msys\u001b[33m?\u001b[39m\u001b[32m\"coursesSearch\"\u001b[39m\u001b[33m===\u001b[39me\u001b[33m.\u001b[39msys\u001b[33m.\u001b[39mcontentTypeId\u001b[33m?\u001b[39m{image\u001b[33m:\u001b[39me\u001b[33m.\u001b[39mimage\u001b[33m?\u001b[39m\u001b[33mS\u001b[39m\u001b[33m.\u001b[39mb\u001b[33m.\u001b[39mresolveRelativeUrl(e\u001b[33m.\u001b[39mprofileImage\u001b[33m.\u001b[39masset\u001b[33m.\u001b[39msys\u001b[33m.\u001b[39muri)\u001b[33m:\u001b[39man\u001b[33m.\u001b[39ma\u001b[33m,\u001b[39mtitle\u001b[33m:\u001b[39me\u001b[33m.\u001b[39mentryTitle\u001b[33m,\u001b[39mlink\u001b[33m:\u001b[39me\u001b[33m.\u001b[39msearchData\u001b[33m.\u001b[39murl}\u001b[33m:\u001b[39m\u001b[32m\"course\"\u001b[39m\u001b[33m===\u001b[39me\u001b[33m.\u001b[39msys\u001b[33m.\u001b[39mcontentTypeId\u001b[33m?\u001b[39m{title\u001b[33m:\u001b[39me\u001b[33m.\u001b[39mentryTitle\u001b[33m,\u001b[39moverviewContent\u001b[33m:\u001b[39me\u001b[33m.\u001b[39mcourseOverview}\u001b[33m:\u001b[39m\u001b[36mvoid\u001b[39m \u001b[35m0\u001b[39m\u001b[33m:\u001b[39m\u001b[36mnull\u001b[39m}\u001b[33m,\u001b[39mon\u001b[33m.\u001b[39mpropTypes\u001b[33m=\u001b[39m{entry\u001b[33m:\u001b[39ml\u001b[33m.\u001b[39ma\u001b[33m.\u001b[39mobject}\u001b[33m;\u001b[39m\u001b[36mvar\u001b[39m cn\u001b[33m=\u001b[39mon\u001b[33m,\u001b[39msn\u001b[33m=\u001b[39m\u001b[36mfunction\u001b[39m(e){\u001b[36mvar\u001b[39m t\u001b[33m=\u001b[39me\u001b[33m.\u001b[39mclassName\u001b[33m;\u001b[39m\u001b[36mreturn\u001b[39m c\u001b[33m.\u001b[39ma\u001b[33m.\u001b[39mcreateElement(\u001b[32m\"a\"\u001b[39m\u001b[33m,\u001b[39m{href\u001b[33m:\u001b[39m\u001b[32m\"#siteHeader\"\u001b[39m\u001b[33m,\u001b[39mclassName\u001b[33m:\u001b[39m\u001b[32m\"to-top \"\u001b[39m\u001b[33m.\u001b[39mconcat(t)\u001b[33m,\u001b[39monClick\u001b[33m:\u001b[39m\u001b[36mfunction\u001b[39m(e){\u001b[36mreturn\u001b[39m \u001b[36mfunction\u001b[39m(e){\u001b[36mvar\u001b[39m t\u001b[33m=\u001b[39mdocument\u001b[33m.\u001b[39mgetElementById(\u001b[32m\"siteHeader\"\u001b[39m)\u001b[33m;\u001b[39m\u001b[36mreturn\u001b[39m window\u001b[33m.\u001b[39mscroll({top\u001b[33m:\u001b[39mt\u001b[33m,\u001b[39mbehavior\u001b[33m:\u001b[39m\u001b[32m\"smooth\"\u001b[39m})\u001b[33m,\u001b[39me\u001b[33m.\u001b[39mpreventDefault()\u001b[33m,\u001b[39me\u001b[33m.\u001b[39mstopPropagation()\u001b[33m,\u001b[39m\u001b[33m!\u001b[39m\u001b[35m1\u001b[39m}(e)}}\u001b[33m,\u001b[39mc\u001b[33m.\u001b[39ma\u001b[33m.\u001b[39mcreateElement(\u001b[32m\"span\"\u001b[39m\u001b[33m,\u001b[39m\u001b[36mnull\u001b[39m\u001b[33m,\u001b[39m\u001b[32m\"Back to top\"\u001b[39m)\u001b[33m,\u001b[39mc\u001b[33m.\u001b[39ma\u001b[33m.\u001b[39mcreateElement(\u001b[32m\"svg\"\u001b[39m\u001b[33m,\u001b[39m{width\u001b[33m:\u001b[39m\u001b[32m\"15\"\u001b[39m\u001b[33m,\u001b[39mheight\u001b[33m:\u001b[39m\u001b[32m\"15\"\u001b[39m}\u001b[33m,\u001b[39mc\u001b[33m.\u001b[39ma\u001b[33m.\u001b[39mcreateElement(\u001b[32m\"path\"\u001b[39m\u001b[33m,\u001b[39m{fill\u001b[33m:\u001b[39m\u001b[32m\"#DE1B8F\"\u001b[39m\u001b[33m,\u001b[39mfillRule\u001b[33m:\u001b[39m\u001b[32m\"evenodd\"\u001b[39m\u001b[33m,\u001b[39md\u001b[33m:\u001b[39m\u001b[32m\"M7.5 0L15 7.5h-4.375V15h-6.25V7.5H0z\"\u001b[39m})))}\u001b[33m;\u001b[39msn\u001b[33m.\u001b[39mpropTypes\u001b[33m=\u001b[39m{className\u001b[33m:\u001b[39ml\u001b[33m.\u001b[39ma\u001b[33m.\u001b[39mstring}\u001b[33m;\u001b[39m\u001b[36mvar\u001b[39m ln\u001b[33m=\u001b[39msn\u001b[33m,\u001b[39mun\u001b[33m=\u001b[39mp()(ln)\u001b[33m.\u001b[39mwithConfig({displayName\u001b[33m:\u001b[39m\u001b[32m\"BackToTopstyled__StyledBackToTop\"\u001b[39m\u001b[33m,\u001b[39mcomponentId\u001b[33m:\u001b[39m\u001b[32m\"sc-1yzebhy-0\"\u001b[39m})([\u001b[32m\"font-size:14px;font-weight:600;@media screen and (max-width:\"\u001b[39m\u001b[33m,\u001b[39m\u001b[32m\"){display:none;}span{text-decoration:underline;}svg{margin-left:10px;}\"\u001b[39m]\u001b[33m,\u001b[39mqt\u001b[33m.\u001b[39ma\u001b[33m.\u001b[39mmedium)\u001b[33m;\u001b[39mun\u001b[33m.\u001b[39mpropTypes\u001b[33m=\u001b[39m{}\u001b[33m,\u001b[39mun\u001b[33m.\u001b[39mdefaultProps\u001b[33m=\u001b[39m{}\u001b[33m;\u001b[39m\u001b[36mvar\u001b[39m pn\u001b[33m=\u001b[39mun\u001b[33m,\u001b[39mdn\u001b[33m=\u001b[39m\u001b[36mfunction\u001b[39m(e){\u001b[36mvar\u001b[39m t\u001b[33m=\u001b[39me\u001b[33m.\u001b[39mcontentId\u001b[33m,\u001b[39mn\u001b[33m=\u001b[39me\u001b[33m.\u001b[39mchildren\u001b[33m,\u001b[39mr\u001b[33m=\u001b[39me\u001b[33m.\u001b[39mclassName\u001b[33m;\u001b[39m\u001b[36mreturn\u001b[39m c\u001b[33m.\u001b[39ma\u001b[33m.\u001b[39mcreateElement(\u001b[32m\"section\"\u001b[39m\u001b[33m,\u001b[39m{id\u001b[33m:\u001b[39mt\u001b[33m,\u001b[39mclassName\u001b[33m:\u001b[39mr}\u001b[33m,\u001b[39mc\u001b[33m.\u001b[39ma\u001b[33m.\u001b[39mcreateElement(pn\u001b[33m,\u001b[39m\u001b[36mnull\u001b[39m)\u001b[33m,\u001b[39mn)}\u001b[33m;\u001b[39mdn\u001b[33m.\u001b[39mpropTypes\u001b[33m=\u001b[39m{contentId\u001b[33m:\u001b[39ml\u001b[33m.\u001b[39ma\u001b[33m.\u001b[39mstring\u001b[33m,\u001b[39mclassName\u001b[33m:\u001b[39ml\u001b[33m.\u001b[39ma\u001b[33m.\u001b[39mstring\u001b[33m,\u001b[39mchildren\u001b[33m:\u001b[39ml\u001b[33m.\u001b[39ma\u001b[33m.\u001b[39melement}\u001b[33m;\u001b[39m\u001b[36mvar\u001b[39m mn\u001b[33m=\u001b[39mdn\u001b[33m,\u001b[39mfn\u001b[33m=\u001b[39mp()(mn)\u001b[33m.\u001b[39mwithConfig({displayName\u001b[33m:\u001b[39m\u001b[32m\"ContentSectionstyled__StyledContentSection\"\u001b[39m\u001b[33m,\u001b[39mcomponentId\u001b[33m:\u001b[39m\u001b[32m\"qm586l-0\"\u001b[39m})([\u001b[32m\"position:relative;border-top:1px solid #00a19c;padding:40px 0;.to-top{position:absolute;top:20px;right:0;}h2{color:#00325b;font-size:25px;font-weight:bold;line-height:30px;margin-bottom:30px;}ul{list-style:none;}ul li{margin-left:1em;}ul li::before{content:'•';color:\"\u001b[39m\u001b[33m,\u001b[39m\u001b[32m\";font-weight:bold;display:inline-block;width:1em;margin-left:-1em;}\"\u001b[39m]\u001b[33m,\u001b[39mhe\u001b[33m.\u001b[39ma\u001b[33m.\u001b[39mpink)\u001b[33m;\u001b[39mfn\u001b[33m.\u001b[39mpropTypes\u001b[33m=\u001b[39m{}\u001b[33m,\u001b[39mfn\u001b[33m.\u001b[39mdefaultProps\u001b[33m=\u001b[39m{}\u001b[33m;\u001b[39m\u001b[36mvar\u001b[39m gn\u001b[33m=\u001b[39mfn\u001b[33m,\u001b[39myn\u001b[33m=\u001b[39mn(\u001b[35m9\u001b[39m)\u001b[33m,\u001b[39mhn\u001b[33m=\u001b[39mn\u001b[33m.\u001b[39mn(yn)\u001b[33m,\u001b[39mbn\u001b[33m=\u001b[39m\u001b[36mfunction\u001b[39m(e){\u001b[36mvar\u001b[39m t\u001b[33m=\u001b[39me\u001b[33m.\u001b[39mtitle\u001b[33m,\u001b[39mn\u001b[33m=\u001b[39me\u001b[33m.\u001b[39mcontents\u001b[33m,\u001b[39mr\u001b[33m=\u001b[39me\u001b[33m.\u001b[39mclassName\u001b[33m;\u001b[39m\u001b[36mreturn\u001b[39m c\u001b[33m.\u001b[39ma\u001b[33m.\u001b[39mcreateElement(\u001b[32m\"div\"\u001b[39m\u001b[33m,\u001b[39m{className\u001b[33m:\u001b[39mr}\u001b[33m,\u001b[39mc\u001b[33m.\u001b[39ma\u001b[33m.\u001b[39mcreateElement(\u001b[32m\"div\"\u001b[39m\u001b[33m,\u001b[39m{className\u001b[33m:\u001b[39m\u001b[32m\"infobox__title\"\u001b[39m}\u001b[33m,\u001b[39mc\u001b[33m.\u001b[39ma\u001b[33m.\u001b[39mcreateElement(at\u001b[33m.\u001b[39ma\u001b[33m,\u001b[39m{text\u001b[33m:\u001b[39mt\u001b[33m,\u001b[39mlevel\u001b[33m:\u001b[39m\u001b[35m5\u001b[39m}))\u001b[33m,\u001b[39mc\u001b[33m.\u001b[39ma\u001b[33m.\u001b[39mcreateElement(\u001b[32m\"div\"\u001b[39m\u001b[33m,\u001b[39m{className\u001b[33m:\u001b[39m\u001b[32m\"infobox__content\"\u001b[39m}\u001b[33m,\u001b[39mn\u001b[33m.\u001b[39mmap(\u001b[36mfunction\u001b[39m(e){\u001b[36mreturn\u001b[39m c\u001b[33m.\u001b[39ma\u001b[33m.\u001b[39mcreateElement(\u001b[32m\"p\"\u001b[39m\u001b[33m,\u001b[39m{key\u001b[33m:\u001b[39me}\u001b[33m,\u001b[39me)})))}\u001b[33m;\u001b[39mbn\u001b[33m.\u001b[39mpropTypes\u001b[33m=\u001b[39m{title\u001b[33m:\u001b[39ml\u001b[33m.\u001b[39ma\u001b[33m.\u001b[39mstring\u001b[33m.\u001b[39misRequired\u001b[33m,\u001b[39mcontents\u001b[33m:\u001b[39ml\u001b[33m.\u001b[39ma\u001b[33m.\u001b[39marray\u001b[33m.\u001b[39misRequired\u001b[33m,\u001b[39mclassName\u001b[33m:\u001b[39ml\u001b[33m.\u001b[39ma\u001b[33m.\u001b[39mstring}\u001b[33m;\u001b[39m\u001b[36mvar\u001b[39m vn\u001b[33m=\u001b[39mbn\u001b[33m,\u001b[39mxn\u001b[33m=\u001b[39mp()(vn)\u001b[33m.\u001b[39mwithConfig({displayName\u001b[33m:\u001b[39m\u001b[32m\"InfoBoxstyled__StyledInfoBox\"\u001b[39m\u001b[33m,\u001b[39mcomponentId\u001b[33m:\u001b[39m\u001b[32m\"o4nx65-0\"\u001b[39m})([\u001b[32m\"position:relative;max-width:332px;width:100%;display:inline-block;margin:20px;border:1px solid #cccccc;.infobox__title{background-color:#f3f3f3;width:100%;padding:20px 5px;text-align:center;& > *{margin-bottom:0;display:block;}}.infobox__content{padding:20px 5px;& > p{color:#5c5c5c;font-size:16px;line-height:22px;text-align:center;margin:0;}}\"\u001b[39m])\u001b[33m;\u001b[39mxn\u001b[33m.\u001b[39mpropTypes\u001b[33m=\u001b[39m{}\u001b[33m,\u001b[39mxn\u001b[33m.\u001b[39mdefaultProps\u001b[33m=\u001b[39m{}\u001b[33m;\u001b[39m\u001b[36mvar\u001b[39m \u001b[33mEn\u001b[39m\u001b[33m=\u001b[39mxn\u001b[33m,\u001b[39mwn\u001b[33m=\u001b[39m\u001b[36mfunction\u001b[39m e(t){\u001b[36mvar\u001b[39m n\u001b[33m=\u001b[39mt\u001b[33m.\u001b[39mentry\u001b[33m,\u001b[39mr\u001b[33m=\u001b[39mt\u001b[33m.\u001b[39mtuitionFeesRecord\u001b[33m;\u001b[39m\u001b[36mif\u001b[39m(r\u001b[33m&&\u001b[39mr\u001b[33m.\u001b[39mfees\u001b[33m.\u001b[39mlength\u001b[33m>\u001b[39m\u001b[35m0\u001b[39m){\u001b[36mvar\u001b[39m a\u001b[33m=\u001b[39m\u001b[33mS\u001b[39m\u001b[33m.\u001b[39mb\u001b[33m.\u001b[39m\u001b[33mGroupBy\u001b[39m(r\u001b[33m.\u001b[39mfees\u001b[33m,\u001b[39m\u001b[36mfunction\u001b[39m(e){\u001b[36mreturn\u001b[39m e\u001b[33m.\u001b[39mfeeType\u001b[33m.\u001b[39mreplace(\u001b[32m\"UG\"\u001b[39m\u001b[33m,\u001b[39m\u001b[32m\"\"\u001b[39m)\u001b[33m.\u001b[39mreplace(\u001b[32m\"PG\"\u001b[39m\u001b[33m,\u001b[39m\u001b[32m\"\"\u001b[39m)\u001b[33m.\u001b[39mreplace(\u001b[32m\"Distance Learning\"\u001b[39m\u001b[33m,\u001b[39m\u001b[32m\"\"\u001b[39m)})\u001b[33m,\u001b[39mi\u001b[33m=\u001b[39m[]\u001b[33m;\u001b[39m\u001b[36mreturn\u001b[39m a\u001b[33m.\u001b[39mforEach(\u001b[36mfunction\u001b[39m(t){\u001b[36mvar\u001b[39m a\u001b[33m=\u001b[39mt\u001b[33m&&\u001b[39mt\u001b[33m.\u001b[39mfilter(\u001b[36mfunction\u001b[39m(e){\u001b[36mreturn\u001b[39m e\u001b[33m.\u001b[39mfeeType\u001b[33m.\u001b[39mincludes(\u001b[32m\"UG\"\u001b[39m)\u001b[33m||\u001b[39me\u001b[33m.\u001b[39mfeeType\u001b[33m.\u001b[39mincludes(\u001b[32m\"PG\"\u001b[39m)})\u001b[33m,\u001b[39mo\u001b[33m=\u001b[39mt\u001b[33m&&\u001b[39mt\u001b[33m.\u001b[39mfilter(\u001b[36mfunction\u001b[39m(e){\u001b[36mreturn\u001b[39m e\u001b[33m.\u001b[39mfeeType\u001b[33m.\u001b[39mincludes(\u001b[32m\"Distance\"\u001b[39m)})\u001b[33m;\u001b[39ma\u001b[33m.\u001b[39mlength\u001b[33m>\u001b[39m\u001b[35m0\u001b[39m\u001b[33m&&\u001b[39mo\u001b[33m.\u001b[39mlength\u001b[33m>\u001b[39m\u001b[35m0\u001b[39m\u001b[33m?\u001b[39mi\u001b[33m.\u001b[39mpush(e\u001b[33m.\u001b[39mmapEntry(a[\u001b[35m0\u001b[39m]\u001b[33m,\u001b[39m\u001b[33mS\u001b[39m\u001b[33m.\u001b[39mb\u001b[33m.\u001b[39m\u001b[33mCalculateCourseFees\u001b[39m(n\u001b[33m,\u001b[39ma[\u001b[35m0\u001b[39m]\u001b[33m,\u001b[39mr\u001b[33m.\u001b[39mpartTimeFeeValueOverrideUKEU\u001b[33m,\u001b[39mr\u001b[33m.\u001b[39mpartTimeFeeValueOverrideInt\u001b[33m,\u001b[39mo[\u001b[35m0\u001b[39m]\u001b[33m.\u001b[39mfee)))\u001b[33m:\u001b[39ma\u001b[33m.\u001b[39mlength\u001b[33m>\u001b[39m\u001b[35m0\u001b[39m\u001b[33m?\u001b[39mi\u001b[33m.\u001b[39mpush(e\u001b[33m.\u001b[39mmapEntry(a[\u001b[35m0\u001b[39m]\u001b[33m,\u001b[39m\u001b[33mS\u001b[39m\u001b[33m.\u001b[39mb\u001b[33m.\u001b[39m\u001b[33mCalculateCourseFees\u001b[39m(n\u001b[33m,\u001b[39ma[\u001b[35m0\u001b[39m]\u001b[33m,\u001b[39mr\u001b[33m.\u001b[39mpartTimeFeeValueOverrideUKEU\u001b[33m,\u001b[39mr\u001b[33m.\u001b[39mpartTimeFeeValueOverrideInt\u001b[33m,\u001b[39m\u001b[36mnull\u001b[39m)))\u001b[33m:\u001b[39mo\u001b[33m.\u001b[39mlength\u001b[33m>\u001b[39m\u001b[35m0\u001b[39m\u001b[33m&&\u001b[39mi\u001b[33m.\u001b[39mpush(e\u001b[33m.\u001b[39mmapEntry(o[\u001b[35m0\u001b[39m]\u001b[33m,\u001b[39m\u001b[33mS\u001b[39m\u001b[33m.\u001b[39mb\u001b[33m.\u001b[39m\u001b[33mCalculateCourseFees\u001b[39m(n\u001b[33m,\u001b[39mo[\u001b[35m0\u001b[39m]\u001b[33m,\u001b[39mr\u001b[33m.\u001b[39mpartTimeFeeValueOverrideUKEU\u001b[33m,\u001b[39mr\u001b[33m.\u001b[39mpartTimeFeeValueOverrideInt\u001b[33m,\u001b[39m\u001b[36mnull\u001b[39m)))})\u001b[33m,\u001b[39mi\u001b[33m&&\u001b[39mi\u001b[33m.\u001b[39mmap(\u001b[36mfunction\u001b[39m(e){\u001b[36mreturn\u001b[39m c\u001b[33m.\u001b[39ma\u001b[33m.\u001b[39mcreateElement(\u001b[33mEn\u001b[39m\u001b[33m,\u001b[39m$()({key\u001b[33m:\u001b[39me\u001b[33m.\u001b[39mtitle}\u001b[33m,\u001b[39me))})}\u001b[36mreturn\u001b[39m r\u001b[33m&&\u001b[39mr\u001b[33m.\u001b[39mpartTimeFeeValueOverrideUKEU\u001b[33m&&\u001b[39mr\u001b[33m.\u001b[39mpartTimeFeeValueOverrideInt\u001b[33m?\u001b[39mc\u001b[33m.\u001b[39ma\u001b[33m.\u001b[39mcreateElement(c\u001b[33m.\u001b[39ma\u001b[33m.\u001b[39m\u001b[33mFragment\u001b[39m\u001b[33m,\u001b[39m\u001b[36mnull\u001b[39m\u001b[33m,\u001b[39mc\u001b[33m.\u001b[39ma\u001b[33m.\u001b[39mcreateElement(\u001b[33mEn\u001b[39m\u001b[33m,\u001b[39m{title\u001b[33m:\u001b[39m\u001b[32m\"UK / EU\"\u001b[39m\u001b[33m,\u001b[39mcontents\u001b[33m:\u001b[39m[\u001b[32m\"\"\u001b[39m\u001b[33m.\u001b[39mconcat(\u001b[33mS\u001b[39m\u001b[33m.\u001b[39mb\u001b[33m.\u001b[39mcurrencyFormat(r\u001b[33m.\u001b[39mpartTimeFeeValueOverrideUKEU)\u001b[33m,\u001b[39m\u001b[32m\" part-time\"\u001b[39m)]})\u001b[33m,\u001b[39mc\u001b[33m.\u001b[39ma\u001b[33m.\u001b[39mcreateElement(\u001b[33mEn\u001b[39m\u001b[33m,\u001b[39m{title\u001b[33m:\u001b[39m\u001b[32m\"International\"\u001b[39m\u001b[33m,\u001b[39mcontents\u001b[33m:\u001b[39m[\u001b[32m\"\"\u001b[39m\u001b[33m.\u001b[39mconcat(\u001b[33mS\u001b[39m\u001b[33m.\u001b[39mb\u001b[33m.\u001b[39mcurrencyFormat(r\u001b[33m.\u001b[39mpartTimeFeeValueOverrideInt)\u001b[33m,\u001b[39m\u001b[32m\" part-time\"\u001b[39m)]}))\u001b[33m:\u001b[39mr\u001b[33m&&\u001b[39mr\u001b[33m.\u001b[39mpartTimeFeeValueOverrideUKEU\u001b[33m?\u001b[39mc\u001b[33m.\u001b[39ma\u001b[33m.\u001b[39mcreateElement(\u001b[33mEn\u001b[39m\u001b[33m,\u001b[39m{title\u001b[33m:\u001b[39m\u001b[32m\"UK / EU\"\u001b[39m\u001b[33m,\u001b[39mcontents\u001b[33m:\u001b[39m[\u001b[32m\"\"\u001b[39m\u001b[33m.\u001b[39mconcat(\u001b[33mS\u001b[39m\u001b[33m.\u001b[39mb\u001b[33m.\u001b[39mcurrencyFormat(r\u001b[33m.\u001b[39mpartTimeFeeValueOverrideUKEU)\u001b[33m,\u001b[39m\u001b[32m\" part-time\"\u001b[39m)]})\u001b[33m:\u001b[39m\u001b[36mnull\u001b[39m}\u001b[33m;\u001b[39mwn\u001b[33m.\u001b[39mmapEntry\u001b[33m=\u001b[39m\u001b[36mfunction\u001b[39m(e\u001b[33m,\u001b[39mt){\u001b[36mif\u001b[39m(\u001b[33m!\u001b[39me\u001b[33m.\u001b[39msys)\u001b[36mreturn\u001b[39m \u001b[36mnull\u001b[39m\u001b[33m;\u001b[39m\u001b[36mif\u001b[39m(\u001b[32m\"courseFee\"\u001b[39m\u001b[33m===\u001b[39me\u001b[33m.\u001b[39msys\u001b[33m.\u001b[39mcontentTypeId){\u001b[36mvar\u001b[39m n\u001b[33m=\u001b[39me\u001b[33m.\u001b[39mfeeType\u001b[33m.\u001b[39mincludes(\u001b[32m\"Distance\"\u001b[39m)\u001b[33m?\u001b[39m\u001b[32m\" distance learning\"\u001b[39m\u001b[33m:\u001b[39m\u001b[32m\" full-time\"\u001b[39m\u001b[33m;\u001b[39m\u001b[36mreturn\u001b[39m{title\u001b[33m:\u001b[39me\u001b[33m.\u001b[39mfeeType\u001b[33m.\u001b[39mreplace(\u001b[32m\"UG\"\u001b[39m\u001b[33m,\u001b[39m\u001b[32m\"\"\u001b[39m)\u001b[33m.\u001b[39mreplace(\u001b[32m\"PG\"\u001b[39m\u001b[33m,\u001b[39m\u001b[32m\"\"\u001b[39m)\u001b[33m.\u001b[39mreplace(\u001b[32m\"Distance Learning\"\u001b[39m\u001b[33m,\u001b[39m\u001b[32m\"\"\u001b[39m)\u001b[33m,\u001b[39mcontents\u001b[33m:\u001b[39m[\u001b[33mS\u001b[39m\u001b[33m.\u001b[39mb\u001b[33m.\u001b[39mcurrencyFormat(e\u001b[33m.\u001b[39mfee)\u001b[33m+\u001b[39mn]\u001b[33m.\u001b[39mconcat(hn()(t))\u001b[33m,\u001b[39mclassName\u001b[33m:\u001b[39m\u001b[32m\"fees\"\u001b[39m}}}\u001b[33m,\u001b[39mwn\u001b[33m.\u001b[39mpropTypes\u001b[33m=\u001b[39m{entry\u001b[33m:\u001b[39ml\u001b[33m.\u001b[39ma\u001b[33m.\u001b[39mobject\u001b[33m,\u001b[39mtuitionFeesRecord\u001b[33m:\u001b[39ml\u001b[33m.\u001b[39ma\u001b[33m.\u001b[39mobject\u001b[33m,\u001b[39maboveFeesMessages\u001b[33m:\u001b[39ml\u001b[33m.\u001b[39ma\u001b[33m.\u001b[39marray\u001b[33m,\u001b[39mbelowFeesMessages\u001b[33m:\u001b[39ml\u001b[33m.\u001b[39ma\u001b[33m.\u001b[39marray}\u001b[33m;\u001b[39m\u001b[36mvar\u001b[39m _n\u001b[33m=\u001b[39mwn\u001b[33m,\u001b[39m\u001b[33mOn\u001b[39m\u001b[33m=\u001b[39m\u001b[36mfunction\u001b[39m(e){\u001b[36mvar\u001b[39m t\u001b[33m=\u001b[39me\u001b[33m.\u001b[39mentry\u001b[33m,\u001b[39mn\u001b[33m=\u001b[39me\u001b[33m.\u001b[39maboveFeesMessages\u001b[33m,\u001b[39mr\u001b[33m=\u001b[39me\u001b[33m.\u001b[39mbelowFeesMessages\u001b[33m,\u001b[39ma\u001b[33m=\u001b[39mt\u001b[33m.\u001b[39mtuitionFees\u001b[33m.\u001b[39mfilter(\u001b[36mfunction\u001b[39m(e){\u001b[36mreturn\u001b[39m e\u001b[33m.\u001b[39mvalidFrom\u001b[33m&&\u001b[39me\u001b[33m.\u001b[39mvalidTo\u001b[33m&&\u001b[39m\u001b[33mDate\u001b[39m\u001b[33m.\u001b[39mparse(e\u001b[33m.\u001b[39mvalidFrom)\u001b[33m<=\u001b[39m\u001b[33mDate\u001b[39m\u001b[33m.\u001b[39mnow()\u001b[33m&&\u001b[39m\u001b[33mDate\u001b[39m\u001b[33m.\u001b[39mparse(e\u001b[33m.\u001b[39mvalidTo)\u001b[33m>=\u001b[39m\u001b[33mDate\u001b[39m\u001b[33m.\u001b[39mnow()\u001b[33m||\u001b[39me\u001b[33m.\u001b[39mvalidFrom\u001b[33m&&\u001b[39m\u001b[33m!\u001b[39me\u001b[33m.\u001b[39mvalidTo\u001b[33m&&\u001b[39m\u001b[33mDate\u001b[39m\u001b[33m.\u001b[39mparse(e\u001b[33m.\u001b[39mvalidFrom)\u001b[33m<=\u001b[39m\u001b[33mDate\u001b[39m\u001b[33m.\u001b[39mnow()\u001b[33m||\u001b[39m\u001b[33m!\u001b[39me\u001b[33m.\u001b[39mvalidFrom\u001b[33m&&\u001b[39me\u001b[33m.\u001b[39mvalidTo\u001b[33m&&\u001b[39m\u001b[33mDate\u001b[39m\u001b[33m.\u001b[39mparse(e\u001b[33m.\u001b[39mvalidTo)\u001b[33m>=\u001b[39m\u001b[33mDate\u001b[39m\u001b[33m.\u001b[39mnow()\u001b[33m||\u001b[39m\u001b[33m!\u001b[39me\u001b[33m.\u001b[39mvalidFrom})\u001b[33m;\u001b[39m\u001b[36mreturn\u001b[39m c\u001b[33m.\u001b[39ma\u001b[33m.\u001b[39mcreateElement(gn\u001b[33m,\u001b[39m{contentId\u001b[33m:\u001b[39m\u001b[32m\"fees\"\u001b[39m}\u001b[33m,\u001b[39mc\u001b[33m.\u001b[39ma\u001b[33m.\u001b[39mcreateElement(o\u001b[33m.\u001b[39m\u001b[33mFragment\u001b[39m\u001b[33m,\u001b[39m\u001b[36mnull\u001b[39m\u001b[33m,\u001b[39mc\u001b[33m.\u001b[39ma\u001b[33m.\u001b[39mcreateElement(at\u001b[33m.\u001b[39ma\u001b[33m,\u001b[39m{level\u001b[33m:\u001b[39m\u001b[35m2\u001b[39m\u001b[33m,\u001b[39mtext\u001b[33m:\u001b[39m\u001b[32m\"Fees and funding\"\u001b[39m})\u001b[33m,\u001b[39mc\u001b[33m.\u001b[39ma\u001b[33m.\u001b[39mcreateElement(dt\u001b[33m,\u001b[39m{messages\u001b[33m:\u001b[39mn})\u001b[33m,\u001b[39ma\u001b[33m.\u001b[39mmap(\u001b[36mfunction\u001b[39m(e){\u001b[36mreturn\u001b[39m c\u001b[33m.\u001b[39ma\u001b[33m.\u001b[39mcreateElement(o\u001b[33m.\u001b[39m\u001b[33mFragment\u001b[39m\u001b[33m,\u001b[39m{key\u001b[33m:\u001b[39me\u001b[33m.\u001b[39macademicYear}\u001b[33m,\u001b[39mc\u001b[33m.\u001b[39ma\u001b[33m.\u001b[39mcreateElement(at\u001b[33m.\u001b[39ma\u001b[33m,\u001b[39m{level\u001b[33m:\u001b[39m\u001b[35m3\u001b[39m\u001b[33m,\u001b[39mtext\u001b[33m:\u001b[39me\u001b[33m.\u001b[39macademicYear})\u001b[33m,\u001b[39mc\u001b[33m.\u001b[39ma\u001b[33m.\u001b[39mcreateElement(_n\u001b[33m,\u001b[39m{entry\u001b[33m:\u001b[39mt\u001b[33m,\u001b[39mtuitionFeesRecord\u001b[33m:\u001b[39me})\u001b[33m,\u001b[39mc\u001b[33m.\u001b[39ma\u001b[33m.\u001b[39mcreateElement(rt\u001b[33m.\u001b[39ma\u001b[33m,\u001b[39m{html\u001b[33m:\u001b[39me\u001b[33m.\u001b[39mfeeNote}))})\u001b[33m,\u001b[39mc\u001b[33m.\u001b[39ma\u001b[33m.\u001b[39mcreateElement(dt\u001b[33m,\u001b[39m{messages\u001b[33m:\u001b[39mr})))}\u001b[33m;\u001b[39m\u001b[33mOn\u001b[39m\u001b[33m.\u001b[39mpropTypes\u001b[33m=\u001b[39m{entry\u001b[33m:\u001b[39ml\u001b[33m.\u001b[39ma\u001b[33m.\u001b[39mobject\u001b[33m,\u001b[39maboveFeesMessages\u001b[33m:\u001b[39ml\u001b[33m.\u001b[39ma\u001b[33m.\u001b[39marray\u001b[33m,\u001b[39mbelowFeesMessages\u001b[33m:\u001b[39ml\u001b[33m.\u001b[39ma\u001b[33m.\u001b[39marray}\u001b[33m;\u001b[39m\u001b[36mvar\u001b[39m kn\u001b[33m=\u001b[39m\u001b[33mOn\u001b[39m\u001b[33m,\u001b[39m\u001b[33mTn\u001b[39m\u001b[33m=\u001b[39m\u001b[36mfunction\u001b[39m(e){\u001b[36mvar\u001b[39m t\u001b[33m=\u001b[39me\u001b[33m.\u001b[39mtitle\u001b[33m,\u001b[39mn\u001b[33m=\u001b[39me\u001b[33m.\u001b[39mclassName\u001b[33m;\u001b[39m\u001b[36mreturn\u001b[39m c\u001b[33m.\u001b[39ma\u001b[33m.\u001b[39mcreateElement(\u001b[32m\"span\"\u001b[39m\u001b[33m,\u001b[39m{className\u001b[33m:\u001b[39mn}\u001b[33m,\u001b[39mt)}\u001b[33m;\u001b[39m\u001b[33mTn\u001b[39m\u001b[33m.\u001b[39mpropTypes\u001b[33m=\u001b[39m{title\u001b[33m:\u001b[39ml\u001b[33m.\u001b[39ma\u001b[33m.\u001b[39mstring\u001b[33m.\u001b[39misRequired\u001b[33m,\u001b[39mclassName\u001b[33m:\u001b[39ml\u001b[33m.\u001b[39ma\u001b[33m.\u001b[39mstring}\u001b[33m;\u001b[39m\u001b[36mvar\u001b[39m \u001b[33mSn\u001b[39m\u001b[33m=\u001b[39m\u001b[33mTn\u001b[39m\u001b[33m,\u001b[39m\u001b[33mCn\u001b[39m\u001b[33m=\u001b[39mp()(\u001b[33mSn\u001b[39m)\u001b[33m.\u001b[39mwithConfig({displayName\u001b[33m:\u001b[39m\u001b[32m\"Pillstyled__StyledPill\"\u001b[39m\u001b[33m,\u001b[39mcomponentId\u001b[33m:\u001b[39m\u001b[32m\"esxknh-0\"\u001b[39m})([\u001b[32m\"margin-right:5px;color:#fff;background-color:#00325b;padding:3px 10px;font-size:12px;font-weight:600;\"\u001b[39m])\u001b[33m;\u001b[39m\u001b[33mCn\u001b[39m\u001b[33m.\u001b[39mpropTypes\u001b[33m=\u001b[39m{}\u001b[33m,\u001b[39m\u001b[33mCn\u001b[39m\u001b[33m.\u001b[39mdefaultProps\u001b[33m=\u001b[39m{}\u001b[33m;\u001b[39m\u001b[36mvar\u001b[39m \u001b[33mIn\u001b[39m\u001b[33m=\u001b[39m\u001b[33mCn\u001b[39m\u001b[33m,\u001b[39m\u001b[33mNn\u001b[39m\u001b[33m=\u001b[39m\u001b[36mfunction\u001b[39m(e){\u001b[36mvar\u001b[39m t\u001b[33m=\u001b[39me\u001b[33m.\u001b[39mentry\u001b[33m,\u001b[39mn\u001b[33m=\u001b[39me\u001b[33m.\u001b[39mextraPillItems\u001b[33m,\u001b[39mr\u001b[33m=\u001b[39me\u001b[33m.\u001b[39mclassName\u001b[33m;\u001b[39m\u001b[36mif\u001b[39m(t){n\u001b[33m||\u001b[39m(n\u001b[33m=\u001b[39m[])\u001b[33m;\u001b[39m\u001b[36mvar\u001b[39m a\u001b[33m=\u001b[39mn\u001b[33m.\u001b[39mmap(\u001b[36mfunction\u001b[39m(e\u001b[33m,\u001b[39mt){\u001b[36mreturn\u001b[39m e\u001b[33m.\u001b[39mtitle\u001b[33m?\u001b[39mc\u001b[33m.\u001b[39ma\u001b[33m.\u001b[39mcreateElement(\u001b[33mIn\u001b[39m\u001b[33m,\u001b[39m{key\u001b[33m:\u001b[39m\u001b[32m\"pill_\"\u001b[39m\u001b[33m.\u001b[39mconcat(t)\u001b[33m,\u001b[39mtitle\u001b[33m:\u001b[39me\u001b[33m.\u001b[39mtitle})\u001b[33m:\u001b[39m\u001b[36mnull\u001b[39m})\u001b[33m;\u001b[39m\u001b[36mreturn\u001b[39m c\u001b[33m.\u001b[39ma\u001b[33m.\u001b[39mcreateElement(\u001b[32m\"div\"\u001b[39m\u001b[33m,\u001b[39m{className\u001b[33m:\u001b[39mr}\u001b[33m,\u001b[39ma)}\u001b[36mreturn\u001b[39m c\u001b[33m.\u001b[39ma\u001b[33m.\u001b[39mcreateElement(\u001b[32m\"span\"\u001b[39m\u001b[33m,\u001b[39m\u001b[36mnull\u001b[39m\u001b[33m,\u001b[39m\u001b[32m\"loading\"\u001b[39m)}\u001b[33m;\u001b[39m\u001b[33mNn\u001b[39m\u001b[33m.\u001b[39mpropTypes\u001b[33m=\u001b[39m{entry\u001b[33m:\u001b[39ml\u001b[33m.\u001b[39ma\u001b[33m.\u001b[39mobject\u001b[33m,\u001b[39mextraPillItems\u001b[33m:\u001b[39ml\u001b[33m.\u001b[39ma\u001b[33m.\u001b[39marray\u001b[33m,\u001b[39mclassName\u001b[33m:\u001b[39ml\u001b[33m.\u001b[39ma\u001b[33m.\u001b[39mstring}\u001b[33m;\u001b[39m\u001b[36mvar\u001b[39m jn\u001b[33m=\u001b[39m\u001b[33mNn\u001b[39m\u001b[33m,\u001b[39m\u001b[33mPn\u001b[39m\u001b[33m=\u001b[39mp()(jn)\u001b[33m.\u001b[39mwithConfig({displayName\u001b[33m:\u001b[39m\u001b[32m\"BoundPillListstyled__StyledBoundPillList\"\u001b[39m\u001b[33m,\u001b[39mcomponentId\u001b[33m:\u001b[39m\u001b[32m\"duty89-0\"\u001b[39m})([\u001b[32m\"margin-bottom:40px;\"\u001b[39m])\u001b[33m;\u001b[39m\u001b[33mPn\u001b[39m\u001b[33m.\u001b[39mpropTypes\u001b[33m=\u001b[39m{}\u001b[33m,\u001b[39m\u001b[33mPn\u001b[39m\u001b[33m.\u001b[39mdefaultProps\u001b[33m=\u001b[39m{}\u001b[33m;\u001b[39m\u001b[36mvar\u001b[39m \u001b[33mMn\u001b[39m\u001b[33m=\u001b[39m\u
[...]
                                                                                                                                                                                                                                                                                                                                                                                                                                                                                                                                                                                                                                                                                                                                                                                                                                                                                                                                                                                                                                                                                                                                                                                                                                                                                                                                                                                                                                                                                                                                                                                                                                                                                                                                                                                                                                                                                                                                                                                                                                                                                                                                                                                                                                                                                                                                                                                                                                                                                                                                                                                                                                                                                                                                                                                                                                                                                                                                                                                                                                                                                                                                                                                                                                                                                                                                                                                                                                                                                                                                                                                                                                                                                                                                                                                                                                                                                                                                                                                                                                                                                                                                                                                                                                                                                                                                                                                                                                                                                                                                                                                                                                                                                                                                                                                                                                                                                                                                                                                                                                                                                                                                                                                                                                                                                                                                                                                                                                                                                                                                                                                                                                                                                                                                                                                                                                                                                                                                                                                                                                                                                                                                                                                                                                                                                                                                                                                                                                                                                                                                                                                                                                                                                                                                                                                                                                                                                                                                                                                                                                                                                                                                                                                                                                                                                                                                                                                                                                                                                                                                                                                                                                                                                                                                                                                                                                                                                                                                                                                                                                                                                                                                                                                                                                                                                                                                                                                                                                                                                                                                                                                                                                                                                                                                                                                                                                                                                                                                                                                                                                                                                                                                                                                                                                                                                                                                                                                                                                                                                                                                                                                                                                                                                                                                                                                                                                                                                                                                                                                                                                                                                                                                                                                                                                                                                                                                                                                                                                                                                                                                                                                                                                                                                                                                                                                                                                                                                                                                                                                                                                                                                                                                                                                                                                                                                                                                                                                                                                                                                                                                                                                                                                                                                                                                                                                                                                                                                                                                                                                                                                                                                                                                                                                                                                                                                                                                                                                                                                                                                                                                                                                                                                                                                                                                                                                                                                                                                                                                                                                                                                                                                                                                                                                                                                                                                                                                                                                                                                                                                                                                                                                                                                                                                                                                                                                                                                                                                                                                                                                                                                                                                                                                                                                                                                                                                                                                                                                                                                                                                                                                                                                                                                                                                                                                                                                                                                                                                                                                                                                                                                                                                                                                                                                                                                                                                                                                                                                                                                                                                                                                                                                                                                                                                                                                                                                                                                                                                                                                                                                                                                                                                                                                                                                                                                                                                                                                                                                                                                                                                                                                                                                                                                                                                                                                                                                                                                                                                                                                                                                                                                                                                                                                                                                                                                                                                                                                                                                                                                                                                                                                                                                                                                                                                                                                                                                                                                                                                                                                                                                                                                                                                                                                                                                                                                                                                                                                                                                                                                                                                                                                                                                                                                                                                                                                                                                                                                                                                                                                                                                                                                                                                                                                                                                                                                                                                                                                                                                                                                                                                                                                                                                                                                                                                                                                                                                                                                                                                                 \u001b[31m\u001b[1m^\u001b[2m\u001b[39m\u001b[0m\u001b[22m\n\u001b[2m\u001b[22m\n\u001b[2m      \u001b[2mat Suite.before (\u001b[2m\u001b[0m\u001b[36mdist/test.js\u001b[39m\u001b[0m\u001b[2m:5:41153)\u001b[2m\u001b[22m\n\u001b[2m      \u001b[2mat Object.describe (\u001b[2m\u001b[0m\u001b[36mdist/test.js\u001b[39m\u001b[0m\u001b[2m:5:41101)\u001b[2m\u001b[22m\n\u001b[2m      \u001b[2mat exports (\u001b[2m\u001b[0m\u001b[36mdist/test.js\u001b[39m\u001b[0m\u001b[2m:1:137)\u001b[2m\u001b[22m\n\u001b[2m      \u001b[2mat \u001b[2m\u001b[0m\u001b[36mdist/test.js\u001b[39m\u001b[0m\u001b[2m:1:1152\u001b[2m\u001b[22m\n\u001b[2m      \u001b[2mat Object.exports (\u001b[2m\u001b[0m\u001b[36mdist/test.js\u001b[39m\u001b[0m\u001b[2m:1:1168)\u001b[2m\u001b[22m\n","name":"/Users/a.turner/gitlab/zen-base/dist/test.js","startTime":1568362590320,"status":"failed","summary":""}],"wasInterrupted":false}