{"numFailedTestSuites":1,"numFailedTests":1,"numPassedTestSuites":0,"numPassedTests":0,"numPendingTestSuites":0,"numPendingTests":0,"numRuntimeErrorTestSuites":0,"numTodoTests":0,"numTotalTestSuites":1,"numTotalTests":1,"openHandles":[],"snapshot":{"added":0,"didUpdate":false,"failure":false,"filesAdded":0,"filesRemoved":0,"filesUnmatched":0,"filesUpdated":0,"matched":0,"total":0,"unchecked":0,"uncheckedKeysByFile":[],"unmatched":0,"updated":0},"startTime":1560331444592,"success":false,"testResults":[{"assertionResults":[{"ancestorTitles":["Server Loads"],"failureMessages":["ReferenceError: __isBrowser__ is not defined\n    at Object.<anonymous> (C:\\Users\\nealen\\Documents\\warsash\\src\\app\\redux\\store.js:19:1)\n    at Runtime._execModule (C:\\Users\\nealen\\Documents\\warsash\\node_modules\\jest-runtime\\build\\index.js:888:13)\n    at Runtime._loadModule (C:\\Users\\nealen\\Documents\\warsash\\node_modules\\jest-runtime\\build\\index.js:577:12)\n    at Runtime.requireModule (C:\\Users\\nealen\\Documents\\warsash\\node_modules\\jest-runtime\\build\\index.js:433:10)\n    at Runtime.requireModuleOrMock (C:\\Users\\nealen\\Documents\\warsash\\node_modules\\jest-runtime\\build\\index.js:598:21)\n    at Object.<anonymous> (C:\\Users\\nealen\\Documents\\warsash\\src\\server\\internalServer.js:34:1)\n    at Runtime._execModule (C:\\Users\\nealen\\Documents\\warsash\\node_modules\\jest-runtime\\build\\index.js:888:13)\n    at Runtime._loadModule (C:\\Users\\nealen\\Documents\\warsash\\node_modules\\jest-runtime\\build\\index.js:577:12)\n    at Runtime.requireModule (C:\\Users\\nealen\\Documents\\warsash\\node_modules\\jest-runtime\\build\\index.js:433:10)\n    at Runtime.requireModuleOrMock (C:\\Users\\nealen\\Documents\\warsash\\node_modules\\jest-runtime\\build\\index.js:598:21)\n    at Suite.require (C:\\Users\\nealen\\Documents\\warsash\\src\\server\\test.js:7:19)\n    at addSpecsToSuite (C:\\Users\\nealen\\Documents\\warsash\\node_modules\\jest-jasmine2\\build\\jasmine\\Env.js:496:51)\n    at Env.describe (C:\\Users\\nealen\\Documents\\warsash\\node_modules\\jest-jasmine2\\build\\jasmine\\Env.js:466:11)\n    at describe (C:\\Users\\nealen\\Documents\\warsash\\node_modules\\jest-jasmine2\\build\\jasmine\\jasmineLight.js:81:18)\n    at Object.describe (C:\\Users\\nealen\\Documents\\warsash\\src\\server\\test.js:6:1)\n    at Runtime._execModule (C:\\Users\\nealen\\Documents\\warsash\\node_modules\\jest-runtime\\build\\index.js:888:13)\n    at Runtime._loadModule (C:\\Users\\nealen\\Documents\\warsash\\node_modules\\jest-runtime\\build\\index.js:577:12)\n    at Runtime.requireModule (C:\\Users\\nealen\\Documents\\warsash\\node_modules\\jest-runtime\\build\\index.js:433:10)\n    at C:\\Users\\nealen\\Documents\\warsash\\node_modules\\jest-jasmine2\\build\\index.js:201:13\n    at Generator.next (<anonymous>)\n    at asyncGeneratorStep (C:\\Users\\nealen\\Documents\\warsash\\node_modules\\jest-jasmine2\\build\\index.js:27:24)\n    at _next (C:\\Users\\nealen\\Documents\\warsash\\node_modules\\jest-jasmine2\\build\\index.js:47:9)\n    at C:\\Users\\nealen\\Documents\\warsash\\node_modules\\jest-jasmine2\\build\\index.js:52:7\n    at new Promise (<anonymous>)\n    at C:\\Users\\nealen\\Documents\\warsash\\node_modules\\jest-jasmine2\\build\\index.js:44:12\n    at _jasmine (C:\\Users\\nealen\\Documents\\warsash\\node_modules\\jest-jasmine2\\build\\index.js:206:19)\n    at jasmine2 (C:\\Users\\nealen\\Documents\\warsash\\node_modules\\jest-jasmine2\\build\\index.js:60:19)\n    at C:\\Users\\nealen\\Documents\\warsash\\node_modules\\jest-runner\\build\\runTest.js:385:24\n    at Generator.next (<anonymous>)\n    at asyncGeneratorStep (C:\\Users\\nealen\\Documents\\warsash\\node_modules\\jest-runner\\build\\runTest.js:161:24)\n    at _next (C:\\Users\\nealen\\Documents\\warsash\\node_modules\\jest-runner\\build\\runTest.js:181:9)\n    at processTicksAndRejections (internal/process/task_queues.js:89:5)"],"fullName":"Server Loads encountered a declaration exception","location":null,"status":"failed","title":"encountered a declaration exception"}],"endTime":1560331449470,"message":"\u001b[1m\u001b[31m  \u001b[1m● \u001b[1mServer Loads › encountered a declaration exception\u001b[39m\u001b[22m\n\n    ReferenceError: __isBrowser__ is not defined\n\u001b[2m\u001b[22m\n\u001b[2m    \u001b[0m \u001b[90m 17 | \u001b[39mlet reduxDevToolsMiddleware \u001b[33m=\u001b[39m f \u001b[33m=>\u001b[39m f\u001b[33m;\u001b[39m\u001b[0m\u001b[22m\n\u001b[2m    \u001b[0m \u001b[90m 18 | \u001b[39m\u001b[0m\u001b[22m\n\u001b[2m    \u001b[0m\u001b[31m\u001b[1m>\u001b[2m\u001b[39m\u001b[90m 19 | \u001b[39m\u001b[36mif\u001b[39m (__isBrowser__) {\u001b[0m\u001b[22m\n\u001b[2m    \u001b[0m \u001b[90m    | \u001b[39m\u001b[31m\u001b[1m^\u001b[2m\u001b[39m\u001b[0m\u001b[22m\n\u001b[2m    \u001b[0m \u001b[90m 20 | \u001b[39m  reduxDevToolsMiddleware \u001b[33m=\u001b[39m window\u001b[33m.\u001b[39mdevToolsExtension\u001b[0m\u001b[22m\n\u001b[2m    \u001b[0m \u001b[90m 21 | \u001b[39m    \u001b[33m?\u001b[39m window\u001b[33m.\u001b[39mdevToolsExtension()\u001b[0m\u001b[22m\n\u001b[2m    \u001b[0m \u001b[90m 22 | \u001b[39m    \u001b[33m:\u001b[39m f \u001b[33m=>\u001b[39m f\u001b[33m;\u001b[39m\u001b[0m\u001b[22m\n\u001b[2m\u001b[22m\n\u001b[2m      \u001b[2mat Object.<anonymous> (\u001b[2msrc/app/redux/store.js\u001b[2m:19:1)\u001b[2m\u001b[22m\n\u001b[2m      \u001b[2mat Object.<anonymous> (\u001b[2msrc/server/internalServer.js\u001b[2m:34:1)\u001b[2m\u001b[22m\n\u001b[2m      \u001b[2mat Suite.require (\u001b[2m\u001b[0m\u001b[36msrc/server/test.js\u001b[39m\u001b[0m\u001b[2m:7:19)\u001b[2m\u001b[22m\n\u001b[2m      \u001b[2mat Object.describe (\u001b[2m\u001b[0m\u001b[36msrc/server/test.js\u001b[39m\u001b[0m\u001b[2m:6:1)\u001b[2m\u001b[22m\n","name":"C:\\Users\\nealen\\Documents\\warsash\\src\\server\\test.js","startTime":1560331445393,"status":"failed","summary":""}],"wasInterrupted":false}